<?xml version="1.0" encoding="utf-8"?>
<CoverageSession xmlns:xsd="http://www.w3.org/2001/XMLSchema" xmlns:xsi="http://www.w3.org/2001/XMLSchema-instance" Version="4.6.0.0">
  <Summary numSequencePoints="643" visitedSequencePoints="540" numBranchPoints="214" visitedBranchPoints="156" sequenceCoverage="83.98" branchCoverage="72.90" maxCyclomaticComplexity="12" minCyclomaticComplexity="1" maxCrapScore="42" minCrapScore="1" visitedClasses="52" numClasses="60" visitedMethods="109" numMethods="130" />
  <Modules>
    <Module hash="1E-4C-42-00-55-55-1E-0D-CB-60-64-8D-86-60-59-5A-64-2A-78-EB">
      <Summary numSequencePoints="291" visitedSequencePoints="291" numBranchPoints="62" visitedBranchPoints="62" sequenceCoverage="100" branchCoverage="100" maxCyclomaticComplexity="1" minCyclomaticComplexity="1" maxCrapScore="2" minCrapScore="1" visitedClasses="28" numClasses="28" visitedMethods="62" numMethods="62" />
      <ModulePath>H:\Reforco-Academia-Programador\Reforco_Academia_2018\Biblioteca\Biblioteca.Integration.Tests\bin\Debug\Biblioteca.Integration.Tests.dll</ModulePath>
      <ModuleTime>2018-05-27T05:47:06.5982628Z</ModuleTime>
      <ModuleName>Biblioteca.Integration.Tests</ModuleName>
      <Files>
        <File uid="1" fullPath="H:\Reforco-Academia-Programador\Reforco_Academia_2018\Biblioteca\Biblioteca.Integration.Tests\Features\Books\BookIntegrationSqlTests.cs" />
      </Files>
      <Classes>
        <Class>
          <Summary numSequencePoints="0" visitedSequencePoints="0" numBranchPoints="0" visitedBranchPoints="0" sequenceCoverage="0" branchCoverage="0" maxCyclomaticComplexity="1" minCyclomaticComplexity="1" maxCrapScore="2" minCrapScore="2" visitedClasses="0" numClasses="0" visitedMethods="0" numMethods="0" />
          <FullName>Biblioteca.Integration.Tests.Features.Loans.LoanIntegrationSqlTests</FullName>
          <Methods>
            <Method visited="false" cyclomaticComplexity="1" nPathComplexity="0" sequenceCoverage="0" branchCoverage="0" crapScore="2" isConstructor="true" isStatic="false" isGetter="false" isSetter="false">
              <Summary numSequencePoints="0" visitedSequencePoints="0" numBranchPoints="0" visitedBranchPoints="0" sequenceCoverage="0" branchCoverage="0" maxCyclomaticComplexity="1" minCyclomaticComplexity="1" maxCrapScore="2" minCrapScore="2" visitedClasses="0" numClasses="0" visitedMethods="0" numMethods="0" />
              <MetadataToken>100663297</MetadataToken>
              <Name>System.Void Biblioteca.Integration.Tests.Features.Loans.LoanIntegrationSqlTests::.ctor()</Name>
              <SequencePoints />
              <BranchPoints />
              <MethodPoint vc="0" uspid="1" ordinal="0" offset="0" />
            </Method>
          </Methods>
        </Class>
        <Class>
          <Summary numSequencePoints="264" visitedSequencePoints="264" numBranchPoints="35" visitedBranchPoints="35" sequenceCoverage="100" branchCoverage="100" maxCyclomaticComplexity="1" minCyclomaticComplexity="1" maxCrapScore="2" minCrapScore="1" visitedClasses="1" numClasses="1" visitedMethods="35" numMethods="35" />
          <FullName>Biblioteca.Integration.Tests.Features.Books.BookIntegrationSqlTests</FullName>
          <Methods>
            <Method visited="true" cyclomaticComplexity="1" nPathComplexity="0" sequenceCoverage="100" branchCoverage="100" crapScore="1" isConstructor="false" isStatic="false" isGetter="false" isSetter="false">
              <Summary numSequencePoints="7" visitedSequencePoints="7" numBranchPoints="1" visitedBranchPoints="1" sequenceCoverage="100" branchCoverage="100" maxCyclomaticComplexity="1" minCyclomaticComplexity="1" maxCrapScore="1" minCrapScore="1" visitedClasses="0" numClasses="0" visitedMethods="1" numMethods="1" />
              <MetadataToken>100663298</MetadataToken>
              <Name>System.Void Biblioteca.Integration.Tests.Features.Books.BookIntegrationSqlTests::Initialize()</Name>
              <FileRef uid="1" />
              <SequencePoints>
                <SequencePoint vc="34" uspid="2" ordinal="0" offset="0" sl="29" sc="9" el="29" ec="10" bec="0" bev="0" fileid="1" />
                <SequencePoint vc="34" uspid="3" ordinal="1" offset="1" sl="30" sc="13" el="30" ec="41" bec="0" bev="0" fileid="1" />
                <SequencePoint vc="34" uspid="4" ordinal="2" offset="7" sl="32" sc="13" el="32" ec="53" bec="0" bev="0" fileid="1" />
                <SequencePoint vc="34" uspid="5" ordinal="3" offset="18" sl="33" sc="13" el="33" ec="52" bec="0" bev="0" fileid="1" />
                <SequencePoint vc="34" uspid="6" ordinal="4" offset="29" sl="34" sc="13" el="34" ec="62" bec="0" bev="0" fileid="1" />
                <SequencePoint vc="34" uspid="7" ordinal="5" offset="46" sl="35" sc="13" el="35" ec="75" bec="0" bev="0" fileid="1" />
                <SequencePoint vc="34" uspid="8" ordinal="6" offset="69" sl="36" sc="9" el="36" ec="10" bec="0" bev="0" fileid="1" />
              </SequencePoints>
              <BranchPoints />
              <MethodPoint xsi:type="SequencePoint" vc="34" uspid="2" ordinal="0" offset="0" sl="29" sc="9" el="29" ec="10" bec="0" bev="0" fileid="1" />
            </Method>
            <Method visited="true" cyclomaticComplexity="1" nPathComplexity="0" sequenceCoverage="100" branchCoverage="100" crapScore="1" isConstructor="false" isStatic="false" isGetter="false" isSetter="false">
              <Summary numSequencePoints="8" visitedSequencePoints="8" numBranchPoints="1" visitedBranchPoints="1" sequenceCoverage="100" branchCoverage="100" maxCyclomaticComplexity="1" minCyclomaticComplexity="1" maxCrapScore="1" minCrapScore="1" visitedClasses="0" numClasses="0" visitedMethods="1" numMethods="1" />
              <MetadataToken>100663299</MetadataToken>
              <Name>System.Void Biblioteca.Integration.Tests.Features.Books.BookIntegrationSqlTests::Book_TestSystemIntegrationSql_SaveBook_ShouldBeOk()</Name>
              <FileRef uid="1" />
              <SequencePoints>
                <SequencePoint vc="1" uspid="9" ordinal="0" offset="0" sl="40" sc="9" el="40" ec="10" bec="0" bev="0" fileid="1">
                  <TrackedMethodRefs>
                    <TrackedMethodRef uid="1" vc="1" />
                  </TrackedMethodRefs>
                </SequencePoint>
                <SequencePoint vc="1" uspid="10" ordinal="1" offset="1" sl="41" sc="13" el="41" ec="56" bec="0" bev="0" fileid="1">
                  <TrackedMethodRefs>
                    <TrackedMethodRef uid="1" vc="1" />
                  </TrackedMethodRefs>
                </SequencePoint>
                <SequencePoint vc="1" uspid="11" ordinal="2" offset="7" sl="43" sc="13" el="43" ec="59" bec="0" bev="0" fileid="1">
                  <TrackedMethodRefs>
                    <TrackedMethodRef uid="1" vc="1" />
                  </TrackedMethodRefs>
                </SequencePoint>
                <SequencePoint vc="1" uspid="12" ordinal="3" offset="20" sl="45" sc="13" el="45" ec="71" bec="0" bev="0" fileid="1">
                  <TrackedMethodRefs>
                    <TrackedMethodRef uid="1" vc="1" />
                  </TrackedMethodRefs>
                </SequencePoint>
                <SequencePoint vc="1" uspid="13" ordinal="4" offset="38" sl="46" sc="13" el="46" ec="44" bec="0" bev="0" fileid="1">
                  <TrackedMethodRefs>
                    <TrackedMethodRef uid="1" vc="1" />
                  </TrackedMethodRefs>
                </SequencePoint>
                <SequencePoint vc="1" uspid="14" ordinal="5" offset="60" sl="47" sc="13" el="47" ec="62" bec="0" bev="0" fileid="1">
                  <TrackedMethodRefs>
                    <TrackedMethodRef uid="1" vc="1" />
                  </TrackedMethodRefs>
                </SequencePoint>
                <SequencePoint vc="1" uspid="15" ordinal="6" offset="93" sl="48" sc="13" el="48" ec="59" bec="0" bev="0" fileid="1">
                  <TrackedMethodRefs>
                    <TrackedMethodRef uid="1" vc="1" />
                  </TrackedMethodRefs>
                </SequencePoint>
                <SequencePoint vc="1" uspid="16" ordinal="7" offset="126" sl="49" sc="9" el="49" ec="10" bec="0" bev="0" fileid="1">
                  <TrackedMethodRefs>
                    <TrackedMethodRef uid="1" vc="1" />
                  </TrackedMethodRefs>
                </SequencePoint>
              </SequencePoints>
              <BranchPoints />
              <MethodPoint xsi:type="SequencePoint" vc="1" uspid="9" ordinal="0" offset="0" sl="40" sc="9" el="40" ec="10" bec="0" bev="0" fileid="1">
                <TrackedMethodRefs>
                  <TrackedMethodRef uid="1" vc="1" />
                </TrackedMethodRefs>
              </MethodPoint>
            </Method>
            <Method visited="true" cyclomaticComplexity="1" nPathComplexity="0" sequenceCoverage="100" branchCoverage="100" crapScore="1" isConstructor="false" isStatic="false" isGetter="false" isSetter="false">
              <Summary numSequencePoints="8" visitedSequencePoints="8" numBranchPoints="1" visitedBranchPoints="1" sequenceCoverage="100" branchCoverage="100" maxCyclomaticComplexity="1" minCyclomaticComplexity="1" maxCrapScore="1" minCrapScore="1" visitedClasses="0" numClasses="0" visitedMethods="1" numMethods="1" />
              <MetadataToken>100663300</MetadataToken>
              <Name>System.Void Biblioteca.Integration.Tests.Features.Books.BookIntegrationSqlTests::Book_TestSystemIntegrationSql_SaveBook_TitleNullOrEmpty_ShouldBeFail()</Name>
              <FileRef uid="1" />
              <SequencePoints>
                <SequencePoint vc="1" uspid="17" ordinal="0" offset="13" sl="53" sc="9" el="53" ec="10" bec="0" bev="0" fileid="1">
                  <TrackedMethodRefs>
                    <TrackedMethodRef uid="2" vc="1" />
                  </TrackedMethodRefs>
                </SequencePoint>
                <SequencePoint vc="1" uspid="18" ordinal="1" offset="14" sl="54" sc="13" el="54" ec="56" bec="0" bev="0" fileid="1">
                  <TrackedMethodRefs>
                    <TrackedMethodRef uid="2" vc="1" />
                  </TrackedMethodRefs>
                </SequencePoint>
                <SequencePoint vc="1" uspid="19" ordinal="2" offset="25" sl="55" sc="13" el="55" ec="37" bec="0" bev="0" fileid="1">
                  <TrackedMethodRefs>
                    <TrackedMethodRef uid="2" vc="1" />
                  </TrackedMethodRefs>
                </SequencePoint>
                <SequencePoint vc="1" uspid="20" ordinal="3" offset="38" sl="57" sc="13" el="57" ec="69" bec="0" bev="0" fileid="1">
                  <TrackedMethodRefs>
                    <TrackedMethodRef uid="2" vc="1" />
                  </TrackedMethodRefs>
                </SequencePoint>
                <SequencePoint vc="1" uspid="21" ordinal="4" offset="51" sl="59" sc="13" el="59" ec="73" bec="0" bev="0" fileid="1">
                  <TrackedMethodRefs>
                    <TrackedMethodRef uid="2" vc="1" />
                  </TrackedMethodRefs>
                </SequencePoint>
                <SequencePoint vc="1" uspid="22" ordinal="5" offset="73" sl="60" sc="13" el="60" ec="52" bec="0" bev="0" fileid="1">
                  <TrackedMethodRefs>
                    <TrackedMethodRef uid="2" vc="1" />
                  </TrackedMethodRefs>
                </SequencePoint>
                <SequencePoint vc="1" uspid="23" ordinal="6" offset="85" sl="61" sc="13" el="61" ec="47" bec="0" bev="0" fileid="1">
                  <TrackedMethodRefs>
                    <TrackedMethodRef uid="2" vc="1" />
                  </TrackedMethodRefs>
                </SequencePoint>
                <SequencePoint vc="1" uspid="24" ordinal="7" offset="113" sl="62" sc="9" el="62" ec="10" bec="0" bev="0" fileid="1">
                  <TrackedMethodRefs>
                    <TrackedMethodRef uid="2" vc="1" />
                  </TrackedMethodRefs>
                </SequencePoint>
              </SequencePoints>
              <BranchPoints />
              <MethodPoint vc="1" uspid="25" ordinal="0" offset="0">
                <TrackedMethodRefs>
                  <TrackedMethodRef uid="2" vc="1" />
                </TrackedMethodRefs>
              </MethodPoint>
            </Method>
            <Method visited="true" cyclomaticComplexity="1" nPathComplexity="0" sequenceCoverage="100" branchCoverage="100" crapScore="1" isConstructor="false" isStatic="false" isGetter="false" isSetter="false">
              <Summary numSequencePoints="8" visitedSequencePoints="8" numBranchPoints="1" visitedBranchPoints="1" sequenceCoverage="100" branchCoverage="100" maxCyclomaticComplexity="1" minCyclomaticComplexity="1" maxCrapScore="1" minCrapScore="1" visitedClasses="0" numClasses="0" visitedMethods="1" numMethods="1" />
              <MetadataToken>100663301</MetadataToken>
              <Name>System.Void Biblioteca.Integration.Tests.Features.Books.BookIntegrationSqlTests::Book_TestSystemIntegrationSql_SaveBook_TitleShort_ShouldBeFail()</Name>
              <FileRef uid="1" />
              <SequencePoints>
                <SequencePoint vc="1" uspid="26" ordinal="0" offset="13" sl="66" sc="9" el="66" ec="10" bec="0" bev="0" fileid="1">
                  <TrackedMethodRefs>
                    <TrackedMethodRef uid="3" vc="1" />
                  </TrackedMethodRefs>
                </SequencePoint>
                <SequencePoint vc="1" uspid="27" ordinal="1" offset="14" sl="67" sc="13" el="67" ec="56" bec="0" bev="0" fileid="1">
                  <TrackedMethodRefs>
                    <TrackedMethodRef uid="3" vc="1" />
                  </TrackedMethodRefs>
                </SequencePoint>
                <SequencePoint vc="1" uspid="28" ordinal="2" offset="25" sl="68" sc="13" el="68" ec="38" bec="0" bev="0" fileid="1">
                  <TrackedMethodRefs>
                    <TrackedMethodRef uid="3" vc="1" />
                  </TrackedMethodRefs>
                </SequencePoint>
                <SequencePoint vc="1" uspid="29" ordinal="3" offset="42" sl="70" sc="13" el="70" ec="69" bec="0" bev="0" fileid="1">
                  <TrackedMethodRefs>
                    <TrackedMethodRef uid="3" vc="1" />
                  </TrackedMethodRefs>
                </SequencePoint>
                <SequencePoint vc="1" uspid="30" ordinal="4" offset="55" sl="72" sc="13" el="72" ec="67" bec="0" bev="0" fileid="1">
                  <TrackedMethodRefs>
                    <TrackedMethodRef uid="3" vc="1" />
                  </TrackedMethodRefs>
                </SequencePoint>
                <SequencePoint vc="1" uspid="31" ordinal="5" offset="77" sl="73" sc="13" el="73" ec="52" bec="0" bev="0" fileid="1">
                  <TrackedMethodRefs>
                    <TrackedMethodRef uid="3" vc="1" />
                  </TrackedMethodRefs>
                </SequencePoint>
                <SequencePoint vc="1" uspid="32" ordinal="6" offset="89" sl="74" sc="13" el="74" ec="47" bec="0" bev="0" fileid="1">
                  <TrackedMethodRefs>
                    <TrackedMethodRef uid="3" vc="1" />
                  </TrackedMethodRefs>
                </SequencePoint>
                <SequencePoint vc="1" uspid="33" ordinal="7" offset="117" sl="75" sc="9" el="75" ec="10" bec="0" bev="0" fileid="1">
                  <TrackedMethodRefs>
                    <TrackedMethodRef uid="3" vc="1" />
                  </TrackedMethodRefs>
                </SequencePoint>
              </SequencePoints>
              <BranchPoints />
              <MethodPoint vc="1" uspid="34" ordinal="0" offset="0">
                <TrackedMethodRefs>
                  <TrackedMethodRef uid="3" vc="1" />
                </TrackedMethodRefs>
              </MethodPoint>
            </Method>
            <Method visited="true" cyclomaticComplexity="1" nPathComplexity="0" sequenceCoverage="100" branchCoverage="100" crapScore="1" isConstructor="false" isStatic="false" isGetter="false" isSetter="false">
              <Summary numSequencePoints="8" visitedSequencePoints="8" numBranchPoints="1" visitedBranchPoints="1" sequenceCoverage="100" branchCoverage="100" maxCyclomaticComplexity="1" minCyclomaticComplexity="1" maxCrapScore="1" minCrapScore="1" visitedClasses="0" numClasses="0" visitedMethods="1" numMethods="1" />
              <MetadataToken>100663302</MetadataToken>
              <Name>System.Void Biblioteca.Integration.Tests.Features.Books.BookIntegrationSqlTests::Book_TestSystemIntegrationSql_SaveBook_TitleOverFlow_ShouldBeFail()</Name>
              <FileRef uid="1" />
              <SequencePoints>
                <SequencePoint vc="1" uspid="35" ordinal="0" offset="13" sl="79" sc="9" el="79" ec="10" bec="0" bev="0" fileid="1">
                  <TrackedMethodRefs>
                    <TrackedMethodRef uid="4" vc="1" />
                  </TrackedMethodRefs>
                </SequencePoint>
                <SequencePoint vc="1" uspid="36" ordinal="1" offset="14" sl="80" sc="13" el="80" ec="56" bec="0" bev="0" fileid="1">
                  <TrackedMethodRefs>
                    <TrackedMethodRef uid="4" vc="1" />
                  </TrackedMethodRefs>
                </SequencePoint>
                <SequencePoint vc="1" uspid="37" ordinal="2" offset="25" sl="81" sc="13" el="81" ec="136" bec="0" bev="0" fileid="1">
                  <TrackedMethodRefs>
                    <TrackedMethodRef uid="4" vc="1" />
                  </TrackedMethodRefs>
                </SequencePoint>
                <SequencePoint vc="1" uspid="38" ordinal="3" offset="42" sl="83" sc="13" el="83" ec="69" bec="0" bev="0" fileid="1">
                  <TrackedMethodRefs>
                    <TrackedMethodRef uid="4" vc="1" />
                  </TrackedMethodRefs>
                </SequencePoint>
                <SequencePoint vc="1" uspid="39" ordinal="4" offset="55" sl="85" sc="13" el="85" ec="70" bec="0" bev="0" fileid="1">
                  <TrackedMethodRefs>
                    <TrackedMethodRef uid="4" vc="1" />
                  </TrackedMethodRefs>
                </SequencePoint>
                <SequencePoint vc="1" uspid="40" ordinal="5" offset="77" sl="86" sc="13" el="86" ec="53" bec="0" bev="0" fileid="1">
                  <TrackedMethodRefs>
                    <TrackedMethodRef uid="4" vc="1" />
                  </TrackedMethodRefs>
                </SequencePoint>
                <SequencePoint vc="1" uspid="41" ordinal="6" offset="89" sl="87" sc="13" el="87" ec="48" bec="0" bev="0" fileid="1">
                  <TrackedMethodRefs>
                    <TrackedMethodRef uid="4" vc="1" />
                  </TrackedMethodRefs>
                </SequencePoint>
                <SequencePoint vc="1" uspid="42" ordinal="7" offset="117" sl="88" sc="9" el="88" ec="10" bec="0" bev="0" fileid="1">
                  <TrackedMethodRefs>
                    <TrackedMethodRef uid="4" vc="1" />
                  </TrackedMethodRefs>
                </SequencePoint>
              </SequencePoints>
              <BranchPoints />
              <MethodPoint vc="1" uspid="43" ordinal="0" offset="0">
                <TrackedMethodRefs>
                  <TrackedMethodRef uid="4" vc="1" />
                </TrackedMethodRefs>
              </MethodPoint>
            </Method>
            <Method visited="true" cyclomaticComplexity="1" nPathComplexity="0" sequenceCoverage="100" branchCoverage="100" crapScore="1" isConstructor="false" isStatic="false" isGetter="false" isSetter="false">
              <Summary numSequencePoints="8" visitedSequencePoints="8" numBranchPoints="1" visitedBranchPoints="1" sequenceCoverage="100" branchCoverage="100" maxCyclomaticComplexity="1" minCyclomaticComplexity="1" maxCrapScore="1" minCrapScore="1" visitedClasses="0" numClasses="0" visitedMethods="1" numMethods="1" />
              <MetadataToken>100663303</MetadataToken>
              <Name>System.Void Biblioteca.Integration.Tests.Features.Books.BookIntegrationSqlTests::Book_TestSystemIntegrationSql_SaveBook_ThemeNullOrEmpty_ShouldBeFail()</Name>
              <FileRef uid="1" />
              <SequencePoints>
                <SequencePoint vc="1" uspid="44" ordinal="0" offset="13" sl="92" sc="9" el="92" ec="10" bec="0" bev="0" fileid="1">
                  <TrackedMethodRefs>
                    <TrackedMethodRef uid="5" vc="1" />
                  </TrackedMethodRefs>
                </SequencePoint>
                <SequencePoint vc="1" uspid="45" ordinal="1" offset="14" sl="93" sc="13" el="93" ec="56" bec="0" bev="0" fileid="1">
                  <TrackedMethodRefs>
                    <TrackedMethodRef uid="5" vc="1" />
                  </TrackedMethodRefs>
                </SequencePoint>
                <SequencePoint vc="1" uspid="46" ordinal="2" offset="25" sl="94" sc="13" el="94" ec="37" bec="0" bev="0" fileid="1">
                  <TrackedMethodRefs>
                    <TrackedMethodRef uid="5" vc="1" />
                  </TrackedMethodRefs>
                </SequencePoint>
                <SequencePoint vc="1" uspid="47" ordinal="3" offset="38" sl="96" sc="13" el="96" ec="69" bec="0" bev="0" fileid="1">
                  <TrackedMethodRefs>
                    <TrackedMethodRef uid="5" vc="1" />
                  </TrackedMethodRefs>
                </SequencePoint>
                <SequencePoint vc="1" uspid="48" ordinal="4" offset="51" sl="98" sc="13" el="98" ec="73" bec="0" bev="0" fileid="1">
                  <TrackedMethodRefs>
                    <TrackedMethodRef uid="5" vc="1" />
                  </TrackedMethodRefs>
                </SequencePoint>
                <SequencePoint vc="1" uspid="49" ordinal="5" offset="73" sl="99" sc="13" el="99" ec="52" bec="0" bev="0" fileid="1">
                  <TrackedMethodRefs>
                    <TrackedMethodRef uid="5" vc="1" />
                  </TrackedMethodRefs>
                </SequencePoint>
                <SequencePoint vc="1" uspid="50" ordinal="6" offset="85" sl="100" sc="13" el="100" ec="47" bec="0" bev="0" fileid="1">
                  <TrackedMethodRefs>
                    <TrackedMethodRef uid="5" vc="1" />
                  </TrackedMethodRefs>
                </SequencePoint>
                <SequencePoint vc="1" uspid="51" ordinal="7" offset="113" sl="101" sc="9" el="101" ec="10" bec="0" bev="0" fileid="1">
                  <TrackedMethodRefs>
                    <TrackedMethodRef uid="5" vc="1" />
                  </TrackedMethodRefs>
                </SequencePoint>
              </SequencePoints>
              <BranchPoints />
              <MethodPoint vc="1" uspid="52" ordinal="0" offset="0">
                <TrackedMethodRefs>
                  <TrackedMethodRef uid="5" vc="1" />
                </TrackedMethodRefs>
              </MethodPoint>
            </Method>
            <Method visited="true" cyclomaticComplexity="1" nPathComplexity="0" sequenceCoverage="100" branchCoverage="100" crapScore="1" isConstructor="false" isStatic="false" isGetter="false" isSetter="false">
              <Summary numSequencePoints="8" visitedSequencePoints="8" numBranchPoints="1" visitedBranchPoints="1" sequenceCoverage="100" branchCoverage="100" maxCyclomaticComplexity="1" minCyclomaticComplexity="1" maxCrapScore="1" minCrapScore="1" visitedClasses="0" numClasses="0" visitedMethods="1" numMethods="1" />
              <MetadataToken>100663304</MetadataToken>
              <Name>System.Void Biblioteca.Integration.Tests.Features.Books.BookIntegrationSqlTests::Book_TestSystemIntegrationSql_SaveBook_ThemeShort_ShouldBeFail()</Name>
              <FileRef uid="1" />
              <SequencePoints>
                <SequencePoint vc="1" uspid="53" ordinal="0" offset="13" sl="105" sc="9" el="105" ec="10" bec="0" bev="0" fileid="1">
                  <TrackedMethodRefs>
                    <TrackedMethodRef uid="6" vc="1" />
                  </TrackedMethodRefs>
                </SequencePoint>
                <SequencePoint vc="1" uspid="54" ordinal="1" offset="14" sl="106" sc="13" el="106" ec="56" bec="0" bev="0" fileid="1">
                  <TrackedMethodRefs>
                    <TrackedMethodRef uid="6" vc="1" />
                  </TrackedMethodRefs>
                </SequencePoint>
                <SequencePoint vc="1" uspid="55" ordinal="2" offset="25" sl="107" sc="13" el="107" ec="38" bec="0" bev="0" fileid="1">
                  <TrackedMethodRefs>
                    <TrackedMethodRef uid="6" vc="1" />
                  </TrackedMethodRefs>
                </SequencePoint>
                <SequencePoint vc="1" uspid="56" ordinal="3" offset="42" sl="109" sc="13" el="109" ec="69" bec="0" bev="0" fileid="1">
                  <TrackedMethodRefs>
                    <TrackedMethodRef uid="6" vc="1" />
                  </TrackedMethodRefs>
                </SequencePoint>
                <SequencePoint vc="1" uspid="57" ordinal="4" offset="55" sl="111" sc="13" el="111" ec="67" bec="0" bev="0" fileid="1">
                  <TrackedMethodRefs>
                    <TrackedMethodRef uid="6" vc="1" />
                  </TrackedMethodRefs>
                </SequencePoint>
                <SequencePoint vc="1" uspid="58" ordinal="5" offset="77" sl="112" sc="13" el="112" ec="52" bec="0" bev="0" fileid="1">
                  <TrackedMethodRefs>
                    <TrackedMethodRef uid="6" vc="1" />
                  </TrackedMethodRefs>
                </SequencePoint>
                <SequencePoint vc="1" uspid="59" ordinal="6" offset="89" sl="113" sc="13" el="113" ec="47" bec="0" bev="0" fileid="1">
                  <TrackedMethodRefs>
                    <TrackedMethodRef uid="6" vc="1" />
                  </TrackedMethodRefs>
                </SequencePoint>
                <SequencePoint vc="1" uspid="60" ordinal="7" offset="117" sl="114" sc="9" el="114" ec="10" bec="0" bev="0" fileid="1">
                  <TrackedMethodRefs>
                    <TrackedMethodRef uid="6" vc="1" />
                  </TrackedMethodRefs>
                </SequencePoint>
              </SequencePoints>
              <BranchPoints />
              <MethodPoint vc="1" uspid="61" ordinal="0" offset="0">
                <TrackedMethodRefs>
                  <TrackedMethodRef uid="6" vc="1" />
                </TrackedMethodRefs>
              </MethodPoint>
            </Method>
            <Method visited="true" cyclomaticComplexity="1" nPathComplexity="0" sequenceCoverage="100" branchCoverage="100" crapScore="1" isConstructor="false" isStatic="false" isGetter="false" isSetter="false">
              <Summary numSequencePoints="8" visitedSequencePoints="8" numBranchPoints="1" visitedBranchPoints="1" sequenceCoverage="100" branchCoverage="100" maxCyclomaticComplexity="1" minCyclomaticComplexity="1" maxCrapScore="1" minCrapScore="1" visitedClasses="0" numClasses="0" visitedMethods="1" numMethods="1" />
              <MetadataToken>100663305</MetadataToken>
              <Name>System.Void Biblioteca.Integration.Tests.Features.Books.BookIntegrationSqlTests::Book_TestSystemIntegrationSql_SaveBook_ThemeOverFlow_ShouldBeFail()</Name>
              <FileRef uid="1" />
              <SequencePoints>
                <SequencePoint vc="1" uspid="62" ordinal="0" offset="13" sl="118" sc="9" el="118" ec="10" bec="0" bev="0" fileid="1">
                  <TrackedMethodRefs>
                    <TrackedMethodRef uid="7" vc="1" />
                  </TrackedMethodRefs>
                </SequencePoint>
                <SequencePoint vc="1" uspid="63" ordinal="1" offset="14" sl="119" sc="13" el="119" ec="56" bec="0" bev="0" fileid="1">
                  <TrackedMethodRefs>
                    <TrackedMethodRef uid="7" vc="1" />
                  </TrackedMethodRefs>
                </SequencePoint>
                <SequencePoint vc="1" uspid="64" ordinal="2" offset="25" sl="120" sc="13" el="120" ec="136" bec="0" bev="0" fileid="1">
                  <TrackedMethodRefs>
                    <TrackedMethodRef uid="7" vc="1" />
                  </TrackedMethodRefs>
                </SequencePoint>
                <SequencePoint vc="1" uspid="65" ordinal="3" offset="42" sl="122" sc="13" el="122" ec="69" bec="0" bev="0" fileid="1">
                  <TrackedMethodRefs>
                    <TrackedMethodRef uid="7" vc="1" />
                  </TrackedMethodRefs>
                </SequencePoint>
                <SequencePoint vc="1" uspid="66" ordinal="4" offset="55" sl="124" sc="13" el="124" ec="70" bec="0" bev="0" fileid="1">
                  <TrackedMethodRefs>
                    <TrackedMethodRef uid="7" vc="1" />
                  </TrackedMethodRefs>
                </SequencePoint>
                <SequencePoint vc="1" uspid="67" ordinal="5" offset="77" sl="125" sc="13" el="125" ec="53" bec="0" bev="0" fileid="1">
                  <TrackedMethodRefs>
                    <TrackedMethodRef uid="7" vc="1" />
                  </TrackedMethodRefs>
                </SequencePoint>
                <SequencePoint vc="1" uspid="68" ordinal="6" offset="89" sl="126" sc="13" el="126" ec="48" bec="0" bev="0" fileid="1">
                  <TrackedMethodRefs>
                    <TrackedMethodRef uid="7" vc="1" />
                  </TrackedMethodRefs>
                </SequencePoint>
                <SequencePoint vc="1" uspid="69" ordinal="7" offset="117" sl="127" sc="9" el="127" ec="10" bec="0" bev="0" fileid="1">
                  <TrackedMethodRefs>
                    <TrackedMethodRef uid="7" vc="1" />
                  </TrackedMethodRefs>
                </SequencePoint>
              </SequencePoints>
              <BranchPoints />
              <MethodPoint vc="1" uspid="70" ordinal="0" offset="0">
                <TrackedMethodRefs>
                  <TrackedMethodRef uid="7" vc="1" />
                </TrackedMethodRefs>
              </MethodPoint>
            </Method>
            <Method visited="true" cyclomaticComplexity="1" nPathComplexity="0" sequenceCoverage="100" branchCoverage="100" crapScore="1" isConstructor="false" isStatic="false" isGetter="false" isSetter="false">
              <Summary numSequencePoints="8" visitedSequencePoints="8" numBranchPoints="1" visitedBranchPoints="1" sequenceCoverage="100" branchCoverage="100" maxCyclomaticComplexity="1" minCyclomaticComplexity="1" maxCrapScore="1" minCrapScore="1" visitedClasses="0" numClasses="0" visitedMethods="1" numMethods="1" />
              <MetadataToken>100663306</MetadataToken>
              <Name>System.Void Biblioteca.Integration.Tests.Features.Books.BookIntegrationSqlTests::Book_TestSystemIntegrationSql_SaveBook_NameAuthorNullOrEmpty_ShouldBeFail()</Name>
              <FileRef uid="1" />
              <SequencePoints>
                <SequencePoint vc="1" uspid="71" ordinal="0" offset="13" sl="131" sc="9" el="131" ec="10" bec="0" bev="0" fileid="1">
                  <TrackedMethodRefs>
                    <TrackedMethodRef uid="8" vc="1" />
                  </TrackedMethodRefs>
                </SequencePoint>
                <SequencePoint vc="1" uspid="72" ordinal="1" offset="14" sl="132" sc="13" el="132" ec="56" bec="0" bev="0" fileid="1">
                  <TrackedMethodRefs>
                    <TrackedMethodRef uid="8" vc="1" />
                  </TrackedMethodRefs>
                </SequencePoint>
                <SequencePoint vc="1" uspid="73" ordinal="2" offset="25" sl="133" sc="13" el="133" ec="38" bec="0" bev="0" fileid="1">
                  <TrackedMethodRefs>
                    <TrackedMethodRef uid="8" vc="1" />
                  </TrackedMethodRefs>
                </SequencePoint>
                <SequencePoint vc="1" uspid="74" ordinal="3" offset="38" sl="135" sc="13" el="135" ec="69" bec="0" bev="0" fileid="1">
                  <TrackedMethodRefs>
                    <TrackedMethodRef uid="8" vc="1" />
                  </TrackedMethodRefs>
                </SequencePoint>
                <SequencePoint vc="1" uspid="75" ordinal="4" offset="51" sl="137" sc="13" el="137" ec="74" bec="0" bev="0" fileid="1">
                  <TrackedMethodRefs>
                    <TrackedMethodRef uid="8" vc="1" />
                  </TrackedMethodRefs>
                </SequencePoint>
                <SequencePoint vc="1" uspid="76" ordinal="5" offset="73" sl="138" sc="13" el="138" ec="52" bec="0" bev="0" fileid="1">
                  <TrackedMethodRefs>
                    <TrackedMethodRef uid="8" vc="1" />
                  </TrackedMethodRefs>
                </SequencePoint>
                <SequencePoint vc="1" uspid="77" ordinal="6" offset="85" sl="139" sc="13" el="139" ec="47" bec="0" bev="0" fileid="1">
                  <TrackedMethodRefs>
                    <TrackedMethodRef uid="8" vc="1" />
                  </TrackedMethodRefs>
                </SequencePoint>
                <SequencePoint vc="1" uspid="78" ordinal="7" offset="113" sl="140" sc="9" el="140" ec="10" bec="0" bev="0" fileid="1">
                  <TrackedMethodRefs>
                    <TrackedMethodRef uid="8" vc="1" />
                  </TrackedMethodRefs>
                </SequencePoint>
              </SequencePoints>
              <BranchPoints />
              <MethodPoint vc="1" uspid="79" ordinal="0" offset="0">
                <TrackedMethodRefs>
                  <TrackedMethodRef uid="8" vc="1" />
                </TrackedMethodRefs>
              </MethodPoint>
            </Method>
            <Method visited="true" cyclomaticComplexity="1" nPathComplexity="0" sequenceCoverage="100" branchCoverage="100" crapScore="1" isConstructor="false" isStatic="false" isGetter="false" isSetter="false">
              <Summary numSequencePoints="8" visitedSequencePoints="8" numBranchPoints="1" visitedBranchPoints="1" sequenceCoverage="100" branchCoverage="100" maxCyclomaticComplexity="1" minCyclomaticComplexity="1" maxCrapScore="1" minCrapScore="1" visitedClasses="0" numClasses="0" visitedMethods="1" numMethods="1" />
              <MetadataToken>100663307</MetadataToken>
              <Name>System.Void Biblioteca.Integration.Tests.Features.Books.BookIntegrationSqlTests::Book_TestSystemIntegrationSql_SaveBook_NameAuthorShort_ShouldBeFail()</Name>
              <FileRef uid="1" />
              <SequencePoints>
                <SequencePoint vc="1" uspid="80" ordinal="0" offset="13" sl="144" sc="9" el="144" ec="10" bec="0" bev="0" fileid="1">
                  <TrackedMethodRefs>
                    <TrackedMethodRef uid="9" vc="1" />
                  </TrackedMethodRefs>
                </SequencePoint>
                <SequencePoint vc="1" uspid="81" ordinal="1" offset="14" sl="145" sc="13" el="145" ec="56" bec="0" bev="0" fileid="1">
                  <TrackedMethodRefs>
                    <TrackedMethodRef uid="9" vc="1" />
                  </TrackedMethodRefs>
                </SequencePoint>
                <SequencePoint vc="1" uspid="82" ordinal="2" offset="25" sl="146" sc="13" el="146" ec="39" bec="0" bev="0" fileid="1">
                  <TrackedMethodRefs>
                    <TrackedMethodRef uid="9" vc="1" />
                  </TrackedMethodRefs>
                </SequencePoint>
                <SequencePoint vc="1" uspid="83" ordinal="3" offset="42" sl="148" sc="13" el="148" ec="69" bec="0" bev="0" fileid="1">
                  <TrackedMethodRefs>
                    <TrackedMethodRef uid="9" vc="1" />
                  </TrackedMethodRefs>
                </SequencePoint>
                <SequencePoint vc="1" uspid="84" ordinal="4" offset="55" sl="150" sc="13" el="150" ec="68" bec="0" bev="0" fileid="1">
                  <TrackedMethodRefs>
                    <TrackedMethodRef uid="9" vc="1" />
                  </TrackedMethodRefs>
                </SequencePoint>
                <SequencePoint vc="1" uspid="85" ordinal="5" offset="77" sl="151" sc="13" el="151" ec="52" bec="0" bev="0" fileid="1">
                  <TrackedMethodRefs>
                    <TrackedMethodRef uid="9" vc="1" />
                  </TrackedMethodRefs>
                </SequencePoint>
                <SequencePoint vc="1" uspid="86" ordinal="6" offset="89" sl="152" sc="13" el="152" ec="47" bec="0" bev="0" fileid="1">
                  <TrackedMethodRefs>
                    <TrackedMethodRef uid="9" vc="1" />
                  </TrackedMethodRefs>
                </SequencePoint>
                <SequencePoint vc="1" uspid="87" ordinal="7" offset="117" sl="153" sc="9" el="153" ec="10" bec="0" bev="0" fileid="1">
                  <TrackedMethodRefs>
                    <TrackedMethodRef uid="9" vc="1" />
                  </TrackedMethodRefs>
                </SequencePoint>
              </SequencePoints>
              <BranchPoints />
              <MethodPoint vc="1" uspid="88" ordinal="0" offset="0">
                <TrackedMethodRefs>
                  <TrackedMethodRef uid="9" vc="1" />
                </TrackedMethodRefs>
              </MethodPoint>
            </Method>
            <Method visited="true" cyclomaticComplexity="1" nPathComplexity="0" sequenceCoverage="100" branchCoverage="100" crapScore="1" isConstructor="false" isStatic="false" isGetter="false" isSetter="false">
              <Summary numSequencePoints="8" visitedSequencePoints="8" numBranchPoints="1" visitedBranchPoints="1" sequenceCoverage="100" branchCoverage="100" maxCyclomaticComplexity="1" minCyclomaticComplexity="1" maxCrapScore="1" minCrapScore="1" visitedClasses="0" numClasses="0" visitedMethods="1" numMethods="1" />
              <MetadataToken>100663308</MetadataToken>
              <Name>System.Void Biblioteca.Integration.Tests.Features.Books.BookIntegrationSqlTests::Book_TestSystemIntegrationSql_SaveBook_NameAuthorOverFlow_ShouldBeFail()</Name>
              <FileRef uid="1" />
              <SequencePoints>
                <SequencePoint vc="1" uspid="89" ordinal="0" offset="13" sl="157" sc="9" el="157" ec="10" bec="0" bev="0" fileid="1">
                  <TrackedMethodRefs>
                    <TrackedMethodRef uid="10" vc="1" />
                  </TrackedMethodRefs>
                </SequencePoint>
                <SequencePoint vc="1" uspid="90" ordinal="1" offset="14" sl="158" sc="13" el="158" ec="56" bec="0" bev="0" fileid="1">
                  <TrackedMethodRefs>
                    <TrackedMethodRef uid="10" vc="1" />
                  </TrackedMethodRefs>
                </SequencePoint>
                <SequencePoint vc="1" uspid="91" ordinal="2" offset="25" sl="159" sc="13" el="159" ec="137" bec="0" bev="0" fileid="1">
                  <TrackedMethodRefs>
                    <TrackedMethodRef uid="10" vc="1" />
                  </TrackedMethodRefs>
                </SequencePoint>
                <SequencePoint vc="1" uspid="92" ordinal="3" offset="42" sl="161" sc="13" el="161" ec="69" bec="0" bev="0" fileid="1">
                  <TrackedMethodRefs>
                    <TrackedMethodRef uid="10" vc="1" />
                  </TrackedMethodRefs>
                </SequencePoint>
                <SequencePoint vc="1" uspid="93" ordinal="4" offset="55" sl="163" sc="13" el="163" ec="71" bec="0" bev="0" fileid="1">
                  <TrackedMethodRefs>
                    <TrackedMethodRef uid="10" vc="1" />
                  </TrackedMethodRefs>
                </SequencePoint>
                <SequencePoint vc="1" uspid="94" ordinal="5" offset="77" sl="164" sc="13" el="164" ec="53" bec="0" bev="0" fileid="1">
                  <TrackedMethodRefs>
                    <TrackedMethodRef uid="10" vc="1" />
                  </TrackedMethodRefs>
                </SequencePoint>
                <SequencePoint vc="1" uspid="95" ordinal="6" offset="89" sl="165" sc="13" el="165" ec="48" bec="0" bev="0" fileid="1">
                  <TrackedMethodRefs>
                    <TrackedMethodRef uid="10" vc="1" />
                  </TrackedMethodRefs>
                </SequencePoint>
                <SequencePoint vc="1" uspid="96" ordinal="7" offset="117" sl="166" sc="9" el="166" ec="10" bec="0" bev="0" fileid="1">
                  <TrackedMethodRefs>
                    <TrackedMethodRef uid="10" vc="1" />
                  </TrackedMethodRefs>
                </SequencePoint>
              </SequencePoints>
              <BranchPoints />
              <MethodPoint vc="1" uspid="97" ordinal="0" offset="0">
                <TrackedMethodRefs>
                  <TrackedMethodRef uid="10" vc="1" />
                </TrackedMethodRefs>
              </MethodPoint>
            </Method>
            <Method visited="true" cyclomaticComplexity="1" nPathComplexity="0" sequenceCoverage="100" branchCoverage="100" crapScore="1" isConstructor="false" isStatic="false" isGetter="false" isSetter="false">
              <Summary numSequencePoints="8" visitedSequencePoints="8" numBranchPoints="1" visitedBranchPoints="1" sequenceCoverage="100" branchCoverage="100" maxCyclomaticComplexity="1" minCyclomaticComplexity="1" maxCrapScore="1" minCrapScore="1" visitedClasses="0" numClasses="0" visitedMethods="1" numMethods="1" />
              <MetadataToken>100663309</MetadataToken>
              <Name>System.Void Biblioteca.Integration.Tests.Features.Books.BookIntegrationSqlTests::Book_TestSystemIntegrationSql_SaveBook_InvalidVolume_ShouldBeFail()</Name>
              <FileRef uid="1" />
              <SequencePoints>
                <SequencePoint vc="1" uspid="98" ordinal="0" offset="13" sl="170" sc="9" el="170" ec="10" bec="0" bev="0" fileid="1">
                  <TrackedMethodRefs>
                    <TrackedMethodRef uid="11" vc="1" />
                  </TrackedMethodRefs>
                </SequencePoint>
                <SequencePoint vc="1" uspid="99" ordinal="1" offset="14" sl="171" sc="13" el="171" ec="56" bec="0" bev="0" fileid="1">
                  <TrackedMethodRefs>
                    <TrackedMethodRef uid="11" vc="1" />
                  </TrackedMethodRefs>
                </SequencePoint>
                <SequencePoint vc="1" uspid="100" ordinal="2" offset="25" sl="172" sc="13" el="172" ec="35" bec="0" bev="0" fileid="1">
                  <TrackedMethodRefs>
                    <TrackedMethodRef uid="11" vc="1" />
                  </TrackedMethodRefs>
                </SequencePoint>
                <SequencePoint vc="1" uspid="101" ordinal="3" offset="38" sl="174" sc="13" el="174" ec="69" bec="0" bev="0" fileid="1">
                  <TrackedMethodRefs>
                    <TrackedMethodRef uid="11" vc="1" />
                  </TrackedMethodRefs>
                </SequencePoint>
                <SequencePoint vc="1" uspid="102" ordinal="4" offset="51" sl="176" sc="13" el="176" ec="70" bec="0" bev="0" fileid="1">
                  <TrackedMethodRefs>
                    <TrackedMethodRef uid="11" vc="1" />
                  </TrackedMethodRefs>
                </SequencePoint>
                <SequencePoint vc="1" uspid="103" ordinal="5" offset="73" sl="177" sc="13" el="177" ec="53" bec="0" bev="0" fileid="1">
                  <TrackedMethodRefs>
                    <TrackedMethodRef uid="11" vc="1" />
                  </TrackedMethodRefs>
                </SequencePoint>
                <SequencePoint vc="1" uspid="104" ordinal="6" offset="85" sl="178" sc="13" el="178" ec="48" bec="0" bev="0" fileid="1">
                  <TrackedMethodRefs>
                    <TrackedMethodRef uid="11" vc="1" />
                  </TrackedMethodRefs>
                </SequencePoint>
                <SequencePoint vc="1" uspid="105" ordinal="7" offset="113" sl="179" sc="9" el="179" ec="10" bec="0" bev="0" fileid="1">
                  <TrackedMethodRefs>
                    <TrackedMethodRef uid="11" vc="1" />
                  </TrackedMethodRefs>
                </SequencePoint>
              </SequencePoints>
              <BranchPoints />
              <MethodPoint vc="1" uspid="106" ordinal="0" offset="0">
                <TrackedMethodRefs>
                  <TrackedMethodRef uid="11" vc="1" />
                </TrackedMethodRefs>
              </MethodPoint>
            </Method>
            <Method visited="true" cyclomaticComplexity="1" nPathComplexity="0" sequenceCoverage="100" branchCoverage="100" crapScore="1" isConstructor="false" isStatic="false" isGetter="false" isSetter="false">
              <Summary numSequencePoints="8" visitedSequencePoints="8" numBranchPoints="1" visitedBranchPoints="1" sequenceCoverage="100" branchCoverage="100" maxCyclomaticComplexity="1" minCyclomaticComplexity="1" maxCrapScore="1" minCrapScore="1" visitedClasses="0" numClasses="0" visitedMethods="1" numMethods="1" />
              <MetadataToken>100663310</MetadataToken>
              <Name>System.Void Biblioteca.Integration.Tests.Features.Books.BookIntegrationSqlTests::Book_TestSystemIntegrationSql_SaveBook_InvalidPostDate_ShouldBeFail()</Name>
              <FileRef uid="1" />
              <SequencePoints>
                <SequencePoint vc="1" uspid="107" ordinal="0" offset="13" sl="183" sc="9" el="183" ec="10" bec="0" bev="0" fileid="1">
                  <TrackedMethodRefs>
                    <TrackedMethodRef uid="12" vc="1" />
                  </TrackedMethodRefs>
                </SequencePoint>
                <SequencePoint vc="1" uspid="108" ordinal="1" offset="14" sl="184" sc="13" el="184" ec="56" bec="0" bev="0" fileid="1">
                  <TrackedMethodRefs>
                    <TrackedMethodRef uid="12" vc="1" />
                  </TrackedMethodRefs>
                </SequencePoint>
                <SequencePoint vc="1" uspid="109" ordinal="2" offset="25" sl="185" sc="13" el="185" ec="60" bec="0" bev="0" fileid="1">
                  <TrackedMethodRefs>
                    <TrackedMethodRef uid="12" vc="1" />
                  </TrackedMethodRefs>
                </SequencePoint>
                <SequencePoint vc="1" uspid="110" ordinal="3" offset="59" sl="187" sc="13" el="187" ec="69" bec="0" bev="0" fileid="1">
                  <TrackedMethodRefs>
                    <TrackedMethodRef uid="12" vc="1" />
                  </TrackedMethodRefs>
                </SequencePoint>
                <SequencePoint vc="1" uspid="111" ordinal="4" offset="72" sl="189" sc="13" el="189" ec="72" bec="0" bev="0" fileid="1">
                  <TrackedMethodRefs>
                    <TrackedMethodRef uid="12" vc="1" />
                  </TrackedMethodRefs>
                </SequencePoint>
                <SequencePoint vc="1" uspid="112" ordinal="5" offset="94" sl="190" sc="13" el="190" ec="53" bec="0" bev="0" fileid="1">
                  <TrackedMethodRefs>
                    <TrackedMethodRef uid="12" vc="1" />
                  </TrackedMethodRefs>
                </SequencePoint>
                <SequencePoint vc="1" uspid="113" ordinal="6" offset="106" sl="191" sc="13" el="191" ec="48" bec="0" bev="0" fileid="1">
                  <TrackedMethodRefs>
                    <TrackedMethodRef uid="12" vc="1" />
                  </TrackedMethodRefs>
                </SequencePoint>
                <SequencePoint vc="1" uspid="114" ordinal="7" offset="134" sl="192" sc="9" el="192" ec="10" bec="0" bev="0" fileid="1">
                  <TrackedMethodRefs>
                    <TrackedMethodRef uid="12" vc="1" />
                  </TrackedMethodRefs>
                </SequencePoint>
              </SequencePoints>
              <BranchPoints />
              <MethodPoint vc="1" uspid="115" ordinal="0" offset="0">
                <TrackedMethodRefs>
                  <TrackedMethodRef uid="12" vc="1" />
                </TrackedMethodRefs>
              </MethodPoint>
            </Method>
            <Method visited="true" cyclomaticComplexity="1" nPathComplexity="0" sequenceCoverage="100" branchCoverage="100" crapScore="1" isConstructor="false" isStatic="false" isGetter="false" isSetter="false">
              <Summary numSequencePoints="8" visitedSequencePoints="8" numBranchPoints="1" visitedBranchPoints="1" sequenceCoverage="100" branchCoverage="100" maxCyclomaticComplexity="1" minCyclomaticComplexity="1" maxCrapScore="1" minCrapScore="1" visitedClasses="0" numClasses="0" visitedMethods="1" numMethods="1" />
              <MetadataToken>100663311</MetadataToken>
              <Name>System.Void Biblioteca.Integration.Tests.Features.Books.BookIntegrationSqlTests::Book_TestSystemIntegrationSql_UpdateBook_ShouldBeOk()</Name>
              <FileRef uid="1" />
              <SequencePoints>
                <SequencePoint vc="1" uspid="116" ordinal="0" offset="0" sl="196" sc="9" el="196" ec="10" bec="0" bev="0" fileid="1">
                  <TrackedMethodRefs>
                    <TrackedMethodRef uid="13" vc="1" />
                  </TrackedMethodRefs>
                </SequencePoint>
                <SequencePoint vc="1" uspid="117" ordinal="1" offset="1" sl="197" sc="13" el="197" ec="58" bec="0" bev="0" fileid="1">
                  <TrackedMethodRefs>
                    <TrackedMethodRef uid="13" vc="1" />
                  </TrackedMethodRefs>
                </SequencePoint>
                <SequencePoint vc="1" uspid="118" ordinal="2" offset="7" sl="199" sc="13" el="199" ec="64" bec="0" bev="0" fileid="1">
                  <TrackedMethodRefs>
                    <TrackedMethodRef uid="13" vc="1" />
                  </TrackedMethodRefs>
                </SequencePoint>
                <SequencePoint vc="1" uspid="119" ordinal="3" offset="20" sl="201" sc="13" el="201" ec="71" bec="0" bev="0" fileid="1">
                  <TrackedMethodRefs>
                    <TrackedMethodRef uid="13" vc="1" />
                  </TrackedMethodRefs>
                </SequencePoint>
                <SequencePoint vc="1" uspid="120" ordinal="4" offset="38" sl="202" sc="13" el="202" ec="44" bec="0" bev="0" fileid="1">
                  <TrackedMethodRefs>
                    <TrackedMethodRef uid="13" vc="1" />
                  </TrackedMethodRefs>
                </SequencePoint>
                <SequencePoint vc="1" uspid="121" ordinal="5" offset="60" sl="203" sc="13" el="203" ec="62" bec="0" bev="0" fileid="1">
                  <TrackedMethodRefs>
                    <TrackedMethodRef uid="13" vc="1" />
                  </TrackedMethodRefs>
                </SequencePoint>
                <SequencePoint vc="1" uspid="122" ordinal="6" offset="93" sl="204" sc="13" el="204" ec="61" bec="0" bev="0" fileid="1">
                  <TrackedMethodRefs>
                    <TrackedMethodRef uid="13" vc="1" />
                  </TrackedMethodRefs>
                </SequencePoint>
                <SequencePoint vc="1" uspid="123" ordinal="7" offset="126" sl="205" sc="9" el="205" ec="10" bec="0" bev="0" fileid="1">
                  <TrackedMethodRefs>
                    <TrackedMethodRef uid="13" vc="1" />
                  </TrackedMethodRefs>
                </SequencePoint>
              </SequencePoints>
              <BranchPoints />
              <MethodPoint xsi:type="SequencePoint" vc="1" uspid="116" ordinal="0" offset="0" sl="196" sc="9" el="196" ec="10" bec="0" bev="0" fileid="1">
                <TrackedMethodRefs>
                  <TrackedMethodRef uid="13" vc="1" />
                </TrackedMethodRefs>
              </MethodPoint>
            </Method>
            <Method visited="true" cyclomaticComplexity="1" nPathComplexity="0" sequenceCoverage="100" branchCoverage="100" crapScore="1" isConstructor="false" isStatic="false" isGetter="false" isSetter="false">
              <Summary numSequencePoints="6" visitedSequencePoints="6" numBranchPoints="1" visitedBranchPoints="1" sequenceCoverage="100" branchCoverage="100" maxCyclomaticComplexity="1" minCyclomaticComplexity="1" maxCrapScore="1" minCrapScore="1" visitedClasses="0" numClasses="0" visitedMethods="1" numMethods="1" />
              <MetadataToken>100663312</MetadataToken>
              <Name>System.Void Biblioteca.Integration.Tests.Features.Books.BookIntegrationSqlTests::Book_TestSystemIntegrationSql_UpdateBook_InvalidId_ShouldBeOk()</Name>
              <FileRef uid="1" />
              <SequencePoints>
                <SequencePoint vc="1" uspid="124" ordinal="0" offset="13" sl="209" sc="9" el="209" ec="10" bec="0" bev="0" fileid="1">
                  <TrackedMethodRefs>
                    <TrackedMethodRef uid="14" vc="1" />
                  </TrackedMethodRefs>
                </SequencePoint>
                <SequencePoint vc="1" uspid="125" ordinal="1" offset="14" sl="210" sc="13" el="210" ec="58" bec="0" bev="0" fileid="1">
                  <TrackedMethodRefs>
                    <TrackedMethodRef uid="14" vc="1" />
                  </TrackedMethodRefs>
                </SequencePoint>
                <SequencePoint vc="1" uspid="126" ordinal="2" offset="25" sl="211" sc="13" el="211" ec="33" bec="0" bev="0" fileid="1">
                  <TrackedMethodRefs>
                    <TrackedMethodRef uid="14" vc="1" />
                  </TrackedMethodRefs>
                </SequencePoint>
                <SequencePoint vc="1" uspid="127" ordinal="3" offset="39" sl="213" sc="13" el="213" ec="74" bec="0" bev="0" fileid="1">
                  <TrackedMethodRefs>
                    <TrackedMethodRef uid="14" vc="1" />
                  </TrackedMethodRefs>
                </SequencePoint>
                <SequencePoint vc="1" uspid="128" ordinal="4" offset="52" sl="215" sc="13" el="215" ec="72" bec="0" bev="0" fileid="1">
                  <TrackedMethodRefs>
                    <TrackedMethodRef uid="14" vc="1" />
                  </TrackedMethodRefs>
                </SequencePoint>
                <SequencePoint vc="1" uspid="129" ordinal="5" offset="74" sl="216" sc="9" el="216" ec="10" bec="0" bev="0" fileid="1">
                  <TrackedMethodRefs>
                    <TrackedMethodRef uid="14" vc="1" />
                  </TrackedMethodRefs>
                </SequencePoint>
              </SequencePoints>
              <BranchPoints />
              <MethodPoint vc="1" uspid="130" ordinal="0" offset="0">
                <TrackedMethodRefs>
                  <TrackedMethodRef uid="14" vc="1" />
                </TrackedMethodRefs>
              </MethodPoint>
            </Method>
            <Method visited="true" cyclomaticComplexity="1" nPathComplexity="0" sequenceCoverage="100" branchCoverage="100" crapScore="1" isConstructor="false" isStatic="false" isGetter="false" isSetter="false">
              <Summary numSequencePoints="8" visitedSequencePoints="8" numBranchPoints="1" visitedBranchPoints="1" sequenceCoverage="100" branchCoverage="100" maxCyclomaticComplexity="1" minCyclomaticComplexity="1" maxCrapScore="1" minCrapScore="1" visitedClasses="0" numClasses="0" visitedMethods="1" numMethods="1" />
              <MetadataToken>100663313</MetadataToken>
              <Name>System.Void Biblioteca.Integration.Tests.Features.Books.BookIntegrationSqlTests::Book_TestSystemIntegrationSql_UpdateBook_TitleNullOrEmpty_ShouldBeFail()</Name>
              <FileRef uid="1" />
              <SequencePoints>
                <SequencePoint vc="1" uspid="131" ordinal="0" offset="13" sl="221" sc="9" el="221" ec="10" bec="0" bev="0" fileid="1">
                  <TrackedMethodRefs>
                    <TrackedMethodRef uid="15" vc="1" />
                  </TrackedMethodRefs>
                </SequencePoint>
                <SequencePoint vc="1" uspid="132" ordinal="1" offset="14" sl="222" sc="13" el="222" ec="58" bec="0" bev="0" fileid="1">
                  <TrackedMethodRefs>
                    <TrackedMethodRef uid="15" vc="1" />
                  </TrackedMethodRefs>
                </SequencePoint>
                <SequencePoint vc="1" uspid="133" ordinal="2" offset="25" sl="223" sc="13" el="223" ec="39" bec="0" bev="0" fileid="1">
                  <TrackedMethodRefs>
                    <TrackedMethodRef uid="15" vc="1" />
                  </TrackedMethodRefs>
                </SequencePoint>
                <SequencePoint vc="1" uspid="134" ordinal="3" offset="38" sl="225" sc="13" el="225" ec="74" bec="0" bev="0" fileid="1">
                  <TrackedMethodRefs>
                    <TrackedMethodRef uid="15" vc="1" />
                  </TrackedMethodRefs>
                </SequencePoint>
                <SequencePoint vc="1" uspid="135" ordinal="4" offset="51" sl="227" sc="13" el="227" ec="73" bec="0" bev="0" fileid="1">
                  <TrackedMethodRefs>
                    <TrackedMethodRef uid="15" vc="1" />
                  </TrackedMethodRefs>
                </SequencePoint>
                <SequencePoint vc="1" uspid="136" ordinal="5" offset="73" sl="228" sc="13" el="228" ec="52" bec="0" bev="0" fileid="1">
                  <TrackedMethodRefs>
                    <TrackedMethodRef uid="15" vc="1" />
                  </TrackedMethodRefs>
                </SequencePoint>
                <SequencePoint vc="1" uspid="137" ordinal="6" offset="85" sl="229" sc="13" el="229" ec="47" bec="0" bev="0" fileid="1">
                  <TrackedMethodRefs>
                    <TrackedMethodRef uid="15" vc="1" />
                  </TrackedMethodRefs>
                </SequencePoint>
                <SequencePoint vc="1" uspid="138" ordinal="7" offset="113" sl="230" sc="9" el="230" ec="10" bec="0" bev="0" fileid="1">
                  <TrackedMethodRefs>
                    <TrackedMethodRef uid="15" vc="1" />
                  </TrackedMethodRefs>
                </SequencePoint>
              </SequencePoints>
              <BranchPoints />
              <MethodPoint vc="1" uspid="139" ordinal="0" offset="0">
                <TrackedMethodRefs>
                  <TrackedMethodRef uid="15" vc="1" />
                </TrackedMethodRefs>
              </MethodPoint>
            </Method>
            <Method visited="true" cyclomaticComplexity="1" nPathComplexity="0" sequenceCoverage="100" branchCoverage="100" crapScore="1" isConstructor="false" isStatic="false" isGetter="false" isSetter="false">
              <Summary numSequencePoints="8" visitedSequencePoints="8" numBranchPoints="1" visitedBranchPoints="1" sequenceCoverage="100" branchCoverage="100" maxCyclomaticComplexity="1" minCyclomaticComplexity="1" maxCrapScore="1" minCrapScore="1" visitedClasses="0" numClasses="0" visitedMethods="1" numMethods="1" />
              <MetadataToken>100663314</MetadataToken>
              <Name>System.Void Biblioteca.Integration.Tests.Features.Books.BookIntegrationSqlTests::Book_TestSystemIntegrationSql_UpdateBook_TitleShort_ShouldBeFail()</Name>
              <FileRef uid="1" />
              <SequencePoints>
                <SequencePoint vc="1" uspid="140" ordinal="0" offset="13" sl="234" sc="9" el="234" ec="10" bec="0" bev="0" fileid="1">
                  <TrackedMethodRefs>
                    <TrackedMethodRef uid="16" vc="1" />
                  </TrackedMethodRefs>
                </SequencePoint>
                <SequencePoint vc="1" uspid="141" ordinal="1" offset="14" sl="235" sc="13" el="235" ec="58" bec="0" bev="0" fileid="1">
                  <TrackedMethodRefs>
                    <TrackedMethodRef uid="16" vc="1" />
                  </TrackedMethodRefs>
                </SequencePoint>
                <SequencePoint vc="1" uspid="142" ordinal="2" offset="25" sl="236" sc="13" el="236" ec="40" bec="0" bev="0" fileid="1">
                  <TrackedMethodRefs>
                    <TrackedMethodRef uid="16" vc="1" />
                  </TrackedMethodRefs>
                </SequencePoint>
                <SequencePoint vc="1" uspid="143" ordinal="3" offset="42" sl="238" sc="13" el="238" ec="74" bec="0" bev="0" fileid="1">
                  <TrackedMethodRefs>
                    <TrackedMethodRef uid="16" vc="1" />
                  </TrackedMethodRefs>
                </SequencePoint>
                <SequencePoint vc="1" uspid="144" ordinal="4" offset="55" sl="240" sc="13" el="240" ec="67" bec="0" bev="0" fileid="1">
                  <TrackedMethodRefs>
                    <TrackedMethodRef uid="16" vc="1" />
                  </TrackedMethodRefs>
                </SequencePoint>
                <SequencePoint vc="1" uspid="145" ordinal="5" offset="77" sl="241" sc="13" el="241" ec="52" bec="0" bev="0" fileid="1">
                  <TrackedMethodRefs>
                    <TrackedMethodRef uid="16" vc="1" />
                  </TrackedMethodRefs>
                </SequencePoint>
                <SequencePoint vc="1" uspid="146" ordinal="6" offset="89" sl="242" sc="13" el="242" ec="47" bec="0" bev="0" fileid="1">
                  <TrackedMethodRefs>
                    <TrackedMethodRef uid="16" vc="1" />
                  </TrackedMethodRefs>
                </SequencePoint>
                <SequencePoint vc="1" uspid="147" ordinal="7" offset="117" sl="243" sc="9" el="243" ec="10" bec="0" bev="0" fileid="1">
                  <TrackedMethodRefs>
                    <TrackedMethodRef uid="16" vc="1" />
                  </TrackedMethodRefs>
                </SequencePoint>
              </SequencePoints>
              <BranchPoints />
              <MethodPoint vc="1" uspid="148" ordinal="0" offset="0">
                <TrackedMethodRefs>
                  <TrackedMethodRef uid="16" vc="1" />
                </TrackedMethodRefs>
              </MethodPoint>
            </Method>
            <Method visited="true" cyclomaticComplexity="1" nPathComplexity="0" sequenceCoverage="100" branchCoverage="100" crapScore="1" isConstructor="false" isStatic="false" isGetter="false" isSetter="false">
              <Summary numSequencePoints="8" visitedSequencePoints="8" numBranchPoints="1" visitedBranchPoints="1" sequenceCoverage="100" branchCoverage="100" maxCyclomaticComplexity="1" minCyclomaticComplexity="1" maxCrapScore="1" minCrapScore="1" visitedClasses="0" numClasses="0" visitedMethods="1" numMethods="1" />
              <MetadataToken>100663315</MetadataToken>
              <Name>System.Void Biblioteca.Integration.Tests.Features.Books.BookIntegrationSqlTests::Book_TestSystemIntegrationSql_UpdateBook_TitleOverFlow_ShouldBeFail()</Name>
              <FileRef uid="1" />
              <SequencePoints>
                <SequencePoint vc="1" uspid="149" ordinal="0" offset="13" sl="247" sc="9" el="247" ec="10" bec="0" bev="0" fileid="1">
                  <TrackedMethodRefs>
                    <TrackedMethodRef uid="17" vc="1" />
                  </TrackedMethodRefs>
                </SequencePoint>
                <SequencePoint vc="1" uspid="150" ordinal="1" offset="14" sl="248" sc="13" el="248" ec="58" bec="0" bev="0" fileid="1">
                  <TrackedMethodRefs>
                    <TrackedMethodRef uid="17" vc="1" />
                  </TrackedMethodRefs>
                </SequencePoint>
                <SequencePoint vc="1" uspid="151" ordinal="2" offset="25" sl="249" sc="13" el="249" ec="138" bec="0" bev="0" fileid="1">
                  <TrackedMethodRefs>
                    <TrackedMethodRef uid="17" vc="1" />
                  </TrackedMethodRefs>
                </SequencePoint>
                <SequencePoint vc="1" uspid="152" ordinal="3" offset="42" sl="251" sc="13" el="251" ec="74" bec="0" bev="0" fileid="1">
                  <TrackedMethodRefs>
                    <TrackedMethodRef uid="17" vc="1" />
                  </TrackedMethodRefs>
                </SequencePoint>
                <SequencePoint vc="1" uspid="153" ordinal="4" offset="55" sl="253" sc="13" el="253" ec="70" bec="0" bev="0" fileid="1">
                  <TrackedMethodRefs>
                    <TrackedMethodRef uid="17" vc="1" />
                  </TrackedMethodRefs>
                </SequencePoint>
                <SequencePoint vc="1" uspid="154" ordinal="5" offset="77" sl="254" sc="13" el="254" ec="53" bec="0" bev="0" fileid="1">
                  <TrackedMethodRefs>
                    <TrackedMethodRef uid="17" vc="1" />
                  </TrackedMethodRefs>
                </SequencePoint>
                <SequencePoint vc="1" uspid="155" ordinal="6" offset="89" sl="255" sc="13" el="255" ec="48" bec="0" bev="0" fileid="1">
                  <TrackedMethodRefs>
                    <TrackedMethodRef uid="17" vc="1" />
                  </TrackedMethodRefs>
                </SequencePoint>
                <SequencePoint vc="1" uspid="156" ordinal="7" offset="117" sl="256" sc="9" el="256" ec="10" bec="0" bev="0" fileid="1">
                  <TrackedMethodRefs>
                    <TrackedMethodRef uid="17" vc="1" />
                  </TrackedMethodRefs>
                </SequencePoint>
              </SequencePoints>
              <BranchPoints />
              <MethodPoint vc="1" uspid="157" ordinal="0" offset="0">
                <TrackedMethodRefs>
                  <TrackedMethodRef uid="17" vc="1" />
                </TrackedMethodRefs>
              </MethodPoint>
            </Method>
            <Method visited="true" cyclomaticComplexity="1" nPathComplexity="0" sequenceCoverage="100" branchCoverage="100" crapScore="1" isConstructor="false" isStatic="false" isGetter="false" isSetter="false">
              <Summary numSequencePoints="8" visitedSequencePoints="8" numBranchPoints="1" visitedBranchPoints="1" sequenceCoverage="100" branchCoverage="100" maxCyclomaticComplexity="1" minCyclomaticComplexity="1" maxCrapScore="1" minCrapScore="1" visitedClasses="0" numClasses="0" visitedMethods="1" numMethods="1" />
              <MetadataToken>100663316</MetadataToken>
              <Name>System.Void Biblioteca.Integration.Tests.Features.Books.BookIntegrationSqlTests::Book_TestSystemIntegrationSql_UpdateBook_ThemeNullOrEmpty_ShouldBeFail()</Name>
              <FileRef uid="1" />
              <SequencePoints>
                <SequencePoint vc="1" uspid="158" ordinal="0" offset="13" sl="260" sc="9" el="260" ec="10" bec="0" bev="0" fileid="1">
                  <TrackedMethodRefs>
                    <TrackedMethodRef uid="18" vc="1" />
                  </TrackedMethodRefs>
                </SequencePoint>
                <SequencePoint vc="1" uspid="159" ordinal="1" offset="14" sl="261" sc="13" el="261" ec="58" bec="0" bev="0" fileid="1">
                  <TrackedMethodRefs>
                    <TrackedMethodRef uid="18" vc="1" />
                  </TrackedMethodRefs>
                </SequencePoint>
                <SequencePoint vc="1" uspid="160" ordinal="2" offset="25" sl="262" sc="13" el="262" ec="39" bec="0" bev="0" fileid="1">
                  <TrackedMethodRefs>
                    <TrackedMethodRef uid="18" vc="1" />
                  </TrackedMethodRefs>
                </SequencePoint>
                <SequencePoint vc="1" uspid="161" ordinal="3" offset="38" sl="264" sc="13" el="264" ec="74" bec="0" bev="0" fileid="1">
                  <TrackedMethodRefs>
                    <TrackedMethodRef uid="18" vc="1" />
                  </TrackedMethodRefs>
                </SequencePoint>
                <SequencePoint vc="1" uspid="162" ordinal="4" offset="51" sl="266" sc="13" el="266" ec="73" bec="0" bev="0" fileid="1">
                  <TrackedMethodRefs>
                    <TrackedMethodRef uid="18" vc="1" />
                  </TrackedMethodRefs>
                </SequencePoint>
                <SequencePoint vc="1" uspid="163" ordinal="5" offset="73" sl="267" sc="13" el="267" ec="52" bec="0" bev="0" fileid="1">
                  <TrackedMethodRefs>
                    <TrackedMethodRef uid="18" vc="1" />
                  </TrackedMethodRefs>
                </SequencePoint>
                <SequencePoint vc="1" uspid="164" ordinal="6" offset="85" sl="268" sc="13" el="268" ec="47" bec="0" bev="0" fileid="1">
                  <TrackedMethodRefs>
                    <TrackedMethodRef uid="18" vc="1" />
                  </TrackedMethodRefs>
                </SequencePoint>
                <SequencePoint vc="1" uspid="165" ordinal="7" offset="113" sl="269" sc="9" el="269" ec="10" bec="0" bev="0" fileid="1">
                  <TrackedMethodRefs>
                    <TrackedMethodRef uid="18" vc="1" />
                  </TrackedMethodRefs>
                </SequencePoint>
              </SequencePoints>
              <BranchPoints />
              <MethodPoint vc="1" uspid="166" ordinal="0" offset="0">
                <TrackedMethodRefs>
                  <TrackedMethodRef uid="18" vc="1" />
                </TrackedMethodRefs>
              </MethodPoint>
            </Method>
            <Method visited="true" cyclomaticComplexity="1" nPathComplexity="0" sequenceCoverage="100" branchCoverage="100" crapScore="1" isConstructor="false" isStatic="false" isGetter="false" isSetter="false">
              <Summary numSequencePoints="8" visitedSequencePoints="8" numBranchPoints="1" visitedBranchPoints="1" sequenceCoverage="100" branchCoverage="100" maxCyclomaticComplexity="1" minCyclomaticComplexity="1" maxCrapScore="1" minCrapScore="1" visitedClasses="0" numClasses="0" visitedMethods="1" numMethods="1" />
              <MetadataToken>100663317</MetadataToken>
              <Name>System.Void Biblioteca.Integration.Tests.Features.Books.BookIntegrationSqlTests::Book_TestSystemIntegrationSql_UpdateBook_ThemeShort_ShouldBeFail()</Name>
              <FileRef uid="1" />
              <SequencePoints>
                <SequencePoint vc="1" uspid="167" ordinal="0" offset="13" sl="273" sc="9" el="273" ec="10" bec="0" bev="0" fileid="1">
                  <TrackedMethodRefs>
                    <TrackedMethodRef uid="19" vc="1" />
                  </TrackedMethodRefs>
                </SequencePoint>
                <SequencePoint vc="1" uspid="168" ordinal="1" offset="14" sl="274" sc="13" el="274" ec="58" bec="0" bev="0" fileid="1">
                  <TrackedMethodRefs>
                    <TrackedMethodRef uid="19" vc="1" />
                  </TrackedMethodRefs>
                </SequencePoint>
                <SequencePoint vc="1" uspid="169" ordinal="2" offset="25" sl="275" sc="13" el="275" ec="40" bec="0" bev="0" fileid="1">
                  <TrackedMethodRefs>
                    <TrackedMethodRef uid="19" vc="1" />
                  </TrackedMethodRefs>
                </SequencePoint>
                <SequencePoint vc="1" uspid="170" ordinal="3" offset="42" sl="277" sc="13" el="277" ec="74" bec="0" bev="0" fileid="1">
                  <TrackedMethodRefs>
                    <TrackedMethodRef uid="19" vc="1" />
                  </TrackedMethodRefs>
                </SequencePoint>
                <SequencePoint vc="1" uspid="171" ordinal="4" offset="55" sl="279" sc="13" el="279" ec="67" bec="0" bev="0" fileid="1">
                  <TrackedMethodRefs>
                    <TrackedMethodRef uid="19" vc="1" />
                  </TrackedMethodRefs>
                </SequencePoint>
                <SequencePoint vc="1" uspid="172" ordinal="5" offset="77" sl="280" sc="13" el="280" ec="52" bec="0" bev="0" fileid="1">
                  <TrackedMethodRefs>
                    <TrackedMethodRef uid="19" vc="1" />
                  </TrackedMethodRefs>
                </SequencePoint>
                <SequencePoint vc="1" uspid="173" ordinal="6" offset="89" sl="281" sc="13" el="281" ec="47" bec="0" bev="0" fileid="1">
                  <TrackedMethodRefs>
                    <TrackedMethodRef uid="19" vc="1" />
                  </TrackedMethodRefs>
                </SequencePoint>
                <SequencePoint vc="1" uspid="174" ordinal="7" offset="117" sl="282" sc="9" el="282" ec="10" bec="0" bev="0" fileid="1">
                  <TrackedMethodRefs>
                    <TrackedMethodRef uid="19" vc="1" />
                  </TrackedMethodRefs>
                </SequencePoint>
              </SequencePoints>
              <BranchPoints />
              <MethodPoint vc="1" uspid="175" ordinal="0" offset="0">
                <TrackedMethodRefs>
                  <TrackedMethodRef uid="19" vc="1" />
                </TrackedMethodRefs>
              </MethodPoint>
            </Method>
            <Method visited="true" cyclomaticComplexity="1" nPathComplexity="0" sequenceCoverage="100" branchCoverage="100" crapScore="1" isConstructor="false" isStatic="false" isGetter="false" isSetter="false">
              <Summary numSequencePoints="8" visitedSequencePoints="8" numBranchPoints="1" visitedBranchPoints="1" sequenceCoverage="100" branchCoverage="100" maxCyclomaticComplexity="1" minCyclomaticComplexity="1" maxCrapScore="1" minCrapScore="1" visitedClasses="0" numClasses="0" visitedMethods="1" numMethods="1" />
              <MetadataToken>100663318</MetadataToken>
              <Name>System.Void Biblioteca.Integration.Tests.Features.Books.BookIntegrationSqlTests::Book_TestSystemIntegrationSql_UpdateBook_ThemeOverFlow_ShouldBeFail()</Name>
              <FileRef uid="1" />
              <SequencePoints>
                <SequencePoint vc="1" uspid="176" ordinal="0" offset="13" sl="286" sc="9" el="286" ec="10" bec="0" bev="0" fileid="1">
                  <TrackedMethodRefs>
                    <TrackedMethodRef uid="20" vc="1" />
                  </TrackedMethodRefs>
                </SequencePoint>
                <SequencePoint vc="1" uspid="177" ordinal="1" offset="14" sl="287" sc="13" el="287" ec="58" bec="0" bev="0" fileid="1">
                  <TrackedMethodRefs>
                    <TrackedMethodRef uid="20" vc="1" />
                  </TrackedMethodRefs>
                </SequencePoint>
                <SequencePoint vc="1" uspid="178" ordinal="2" offset="25" sl="288" sc="13" el="288" ec="138" bec="0" bev="0" fileid="1">
                  <TrackedMethodRefs>
                    <TrackedMethodRef uid="20" vc="1" />
                  </TrackedMethodRefs>
                </SequencePoint>
                <SequencePoint vc="1" uspid="179" ordinal="3" offset="42" sl="290" sc="13" el="290" ec="74" bec="0" bev="0" fileid="1">
                  <TrackedMethodRefs>
                    <TrackedMethodRef uid="20" vc="1" />
                  </TrackedMethodRefs>
                </SequencePoint>
                <SequencePoint vc="1" uspid="180" ordinal="4" offset="55" sl="292" sc="13" el="292" ec="70" bec="0" bev="0" fileid="1">
                  <TrackedMethodRefs>
                    <TrackedMethodRef uid="20" vc="1" />
                  </TrackedMethodRefs>
                </SequencePoint>
                <SequencePoint vc="1" uspid="181" ordinal="5" offset="77" sl="293" sc="13" el="293" ec="53" bec="0" bev="0" fileid="1">
                  <TrackedMethodRefs>
                    <TrackedMethodRef uid="20" vc="1" />
                  </TrackedMethodRefs>
                </SequencePoint>
                <SequencePoint vc="1" uspid="182" ordinal="6" offset="89" sl="294" sc="13" el="294" ec="48" bec="0" bev="0" fileid="1">
                  <TrackedMethodRefs>
                    <TrackedMethodRef uid="20" vc="1" />
                  </TrackedMethodRefs>
                </SequencePoint>
                <SequencePoint vc="1" uspid="183" ordinal="7" offset="117" sl="295" sc="9" el="295" ec="10" bec="0" bev="0" fileid="1">
                  <TrackedMethodRefs>
                    <TrackedMethodRef uid="20" vc="1" />
                  </TrackedMethodRefs>
                </SequencePoint>
              </SequencePoints>
              <BranchPoints />
              <MethodPoint vc="1" uspid="184" ordinal="0" offset="0">
                <TrackedMethodRefs>
                  <TrackedMethodRef uid="20" vc="1" />
                </TrackedMethodRefs>
              </MethodPoint>
            </Method>
            <Method visited="true" cyclomaticComplexity="1" nPathComplexity="0" sequenceCoverage="100" branchCoverage="100" crapScore="1" isConstructor="false" isStatic="false" isGetter="false" isSetter="false">
              <Summary numSequencePoints="8" visitedSequencePoints="8" numBranchPoints="1" visitedBranchPoints="1" sequenceCoverage="100" branchCoverage="100" maxCyclomaticComplexity="1" minCyclomaticComplexity="1" maxCrapScore="1" minCrapScore="1" visitedClasses="0" numClasses="0" visitedMethods="1" numMethods="1" />
              <MetadataToken>100663319</MetadataToken>
              <Name>System.Void Biblioteca.Integration.Tests.Features.Books.BookIntegrationSqlTests::Book_TestSystemIntegrationSql_UpdateBook_NameAuthorNullOrEmpty_ShouldBeFail()</Name>
              <FileRef uid="1" />
              <SequencePoints>
                <SequencePoint vc="1" uspid="185" ordinal="0" offset="13" sl="299" sc="9" el="299" ec="10" bec="0" bev="0" fileid="1">
                  <TrackedMethodRefs>
                    <TrackedMethodRef uid="21" vc="1" />
                  </TrackedMethodRefs>
                </SequencePoint>
                <SequencePoint vc="1" uspid="186" ordinal="1" offset="14" sl="300" sc="13" el="300" ec="58" bec="0" bev="0" fileid="1">
                  <TrackedMethodRefs>
                    <TrackedMethodRef uid="21" vc="1" />
                  </TrackedMethodRefs>
                </SequencePoint>
                <SequencePoint vc="1" uspid="187" ordinal="2" offset="25" sl="301" sc="13" el="301" ec="40" bec="0" bev="0" fileid="1">
                  <TrackedMethodRefs>
                    <TrackedMethodRef uid="21" vc="1" />
                  </TrackedMethodRefs>
                </SequencePoint>
                <SequencePoint vc="1" uspid="188" ordinal="3" offset="38" sl="303" sc="13" el="303" ec="74" bec="0" bev="0" fileid="1">
                  <TrackedMethodRefs>
                    <TrackedMethodRef uid="21" vc="1" />
                  </TrackedMethodRefs>
                </SequencePoint>
                <SequencePoint vc="1" uspid="189" ordinal="4" offset="51" sl="305" sc="13" el="305" ec="74" bec="0" bev="0" fileid="1">
                  <TrackedMethodRefs>
                    <TrackedMethodRef uid="21" vc="1" />
                  </TrackedMethodRefs>
                </SequencePoint>
                <SequencePoint vc="1" uspid="190" ordinal="5" offset="73" sl="306" sc="13" el="306" ec="52" bec="0" bev="0" fileid="1">
                  <TrackedMethodRefs>
                    <TrackedMethodRef uid="21" vc="1" />
                  </TrackedMethodRefs>
                </SequencePoint>
                <SequencePoint vc="1" uspid="191" ordinal="6" offset="85" sl="307" sc="13" el="307" ec="47" bec="0" bev="0" fileid="1">
                  <TrackedMethodRefs>
                    <TrackedMethodRef uid="21" vc="1" />
                  </TrackedMethodRefs>
                </SequencePoint>
                <SequencePoint vc="1" uspid="192" ordinal="7" offset="113" sl="308" sc="9" el="308" ec="10" bec="0" bev="0" fileid="1">
                  <TrackedMethodRefs>
                    <TrackedMethodRef uid="21" vc="1" />
                  </TrackedMethodRefs>
                </SequencePoint>
              </SequencePoints>
              <BranchPoints />
              <MethodPoint vc="1" uspid="193" ordinal="0" offset="0">
                <TrackedMethodRefs>
                  <TrackedMethodRef uid="21" vc="1" />
                </TrackedMethodRefs>
              </MethodPoint>
            </Method>
            <Method visited="true" cyclomaticComplexity="1" nPathComplexity="0" sequenceCoverage="100" branchCoverage="100" crapScore="1" isConstructor="false" isStatic="false" isGetter="false" isSetter="false">
              <Summary numSequencePoints="8" visitedSequencePoints="8" numBranchPoints="1" visitedBranchPoints="1" sequenceCoverage="100" branchCoverage="100" maxCyclomaticComplexity="1" minCyclomaticComplexity="1" maxCrapScore="1" minCrapScore="1" visitedClasses="0" numClasses="0" visitedMethods="1" numMethods="1" />
              <MetadataToken>100663320</MetadataToken>
[...]
                    <TrackedMethodRef uid="3" vc="1" />
                    <TrackedMethodRef uid="25" vc="1" />
                    <TrackedMethodRef uid="24" vc="1" />
                    <TrackedMethodRef uid="21" vc="1" />
                    <TrackedMethodRef uid="23" vc="1" />
                    <TrackedMethodRef uid="22" vc="1" />
                    <TrackedMethodRef uid="13" vc="2" />
                    <TrackedMethodRef uid="18" vc="1" />
                    <TrackedMethodRef uid="20" vc="1" />
                    <TrackedMethodRef uid="19" vc="1" />
                    <TrackedMethodRef uid="15" vc="1" />
                    <TrackedMethodRef uid="17" vc="1" />
                    <TrackedMethodRef uid="16" vc="1" />
                  </TrackedMethodRefs>
                </SequencePoint>
                <SequencePoint vc="9" uspid="764" ordinal="2" offset="19" sl="170" sc="13" el="170" ec="14" bec="0" bev="0" fileid="121">
                  <TrackedMethodRefs>
                    <TrackedMethodRef uid="26" vc="2" />
                    <TrackedMethodRef uid="32" vc="1" />
                    <TrackedMethodRef uid="30" vc="1" />
                    <TrackedMethodRef uid="33" vc="1" />
                    <TrackedMethodRef uid="1" vc="2" />
                    <TrackedMethodRef uid="13" vc="2" />
                  </TrackedMethodRefs>
                </SequencePoint>
                <SequencePoint vc="9" uspid="765" ordinal="3" offset="20" sl="171" sc="22" el="171" ec="31" bec="0" bev="0" fileid="121">
                  <TrackedMethodRefs>
                    <TrackedMethodRef uid="26" vc="2" />
                    <TrackedMethodRef uid="32" vc="1" />
                    <TrackedMethodRef uid="30" vc="1" />
                    <TrackedMethodRef uid="33" vc="1" />
                    <TrackedMethodRef uid="1" vc="2" />
                    <TrackedMethodRef uid="13" vc="2" />
                  </TrackedMethodRefs>
                </SequencePoint>
                <SequencePoint vc="21" uspid="766" ordinal="4" offset="24" sl="172" sc="17" el="172" ec="18" bec="0" bev="0" fileid="121">
                  <TrackedMethodRefs>
                    <TrackedMethodRef uid="26" vc="2" />
                    <TrackedMethodRef uid="32" vc="1" />
                    <TrackedMethodRef uid="30" vc="1" />
                    <TrackedMethodRef uid="33" vc="1" />
                    <TrackedMethodRef uid="1" vc="8" />
                    <TrackedMethodRef uid="13" vc="8" />
                  </TrackedMethodRefs>
                </SequencePoint>
                <SequencePoint vc="21" uspid="767" ordinal="5" offset="25" sl="173" sc="21" el="173" ec="55" bec="0" bev="0" fileid="121">
                  <TrackedMethodRefs>
                    <TrackedMethodRef uid="26" vc="2" />
                    <TrackedMethodRef uid="32" vc="1" />
                    <TrackedMethodRef uid="30" vc="1" />
                    <TrackedMethodRef uid="33" vc="1" />
                    <TrackedMethodRef uid="1" vc="8" />
                    <TrackedMethodRef uid="13" vc="8" />
                  </TrackedMethodRefs>
                </SequencePoint>
                <SequencePoint vc="21" uspid="768" ordinal="6" offset="34" sl="175" sc="21" el="175" ec="78" bec="2" bev="1" fileid="121">
                  <TrackedMethodRefs>
                    <TrackedMethodRef uid="26" vc="2" />
                    <TrackedMethodRef uid="32" vc="1" />
                    <TrackedMethodRef uid="30" vc="1" />
                    <TrackedMethodRef uid="33" vc="1" />
                    <TrackedMethodRef uid="1" vc="8" />
                    <TrackedMethodRef uid="13" vc="8" />
                  </TrackedMethodRefs>
                </SequencePoint>
                <SequencePoint vc="0" uspid="769" ordinal="7" offset="75" sl="176" sc="25" el="176" ec="45" bec="0" bev="0" fileid="121" />
                <SequencePoint vc="21" uspid="770" ordinal="8" offset="81" sl="178" sc="21" el="178" ec="65" bec="2" bev="1" fileid="121">
                  <TrackedMethodRefs>
                    <TrackedMethodRef uid="26" vc="2" />
                    <TrackedMethodRef uid="32" vc="1" />
                    <TrackedMethodRef uid="30" vc="1" />
                    <TrackedMethodRef uid="33" vc="1" />
                    <TrackedMethodRef uid="1" vc="8" />
                    <TrackedMethodRef uid="13" vc="8" />
                  </TrackedMethodRefs>
                </SequencePoint>
                <SequencePoint vc="21" uspid="771" ordinal="9" offset="96" sl="180" sc="21" el="180" ec="65" bec="0" bev="0" fileid="121">
                  <TrackedMethodRefs>
                    <TrackedMethodRef uid="26" vc="2" />
                    <TrackedMethodRef uid="32" vc="1" />
                    <TrackedMethodRef uid="30" vc="1" />
                    <TrackedMethodRef uid="33" vc="1" />
                    <TrackedMethodRef uid="1" vc="8" />
                    <TrackedMethodRef uid="13" vc="8" />
                  </TrackedMethodRefs>
                </SequencePoint>
                <SequencePoint vc="21" uspid="772" ordinal="10" offset="104" sl="181" sc="21" el="181" ec="54" bec="0" bev="0" fileid="121">
                  <TrackedMethodRefs>
                    <TrackedMethodRef uid="26" vc="2" />
                    <TrackedMethodRef uid="32" vc="1" />
                    <TrackedMethodRef uid="30" vc="1" />
                    <TrackedMethodRef uid="33" vc="1" />
                    <TrackedMethodRef uid="1" vc="8" />
                    <TrackedMethodRef uid="13" vc="8" />
                  </TrackedMethodRefs>
                </SequencePoint>
                <SequencePoint vc="21" uspid="773" ordinal="11" offset="113" sl="182" sc="21" el="182" ec="47" bec="0" bev="0" fileid="121">
                  <TrackedMethodRefs>
                    <TrackedMethodRef uid="26" vc="2" />
                    <TrackedMethodRef uid="32" vc="1" />
                    <TrackedMethodRef uid="30" vc="1" />
                    <TrackedMethodRef uid="33" vc="1" />
                    <TrackedMethodRef uid="1" vc="8" />
                    <TrackedMethodRef uid="13" vc="8" />
                  </TrackedMethodRefs>
                </SequencePoint>
                <SequencePoint vc="21" uspid="774" ordinal="12" offset="122" sl="184" sc="21" el="184" ec="57" bec="0" bev="0" fileid="121">
                  <TrackedMethodRefs>
                    <TrackedMethodRef uid="26" vc="2" />
                    <TrackedMethodRef uid="32" vc="1" />
                    <TrackedMethodRef uid="30" vc="1" />
                    <TrackedMethodRef uid="33" vc="1" />
                    <TrackedMethodRef uid="1" vc="8" />
                    <TrackedMethodRef uid="13" vc="8" />
                  </TrackedMethodRefs>
                </SequencePoint>
                <SequencePoint vc="21" uspid="775" ordinal="13" offset="136" sl="185" sc="17" el="185" ec="18" bec="0" bev="0" fileid="121">
                  <TrackedMethodRefs>
                    <TrackedMethodRef uid="26" vc="2" />
                    <TrackedMethodRef uid="32" vc="1" />
                    <TrackedMethodRef uid="30" vc="1" />
                    <TrackedMethodRef uid="33" vc="1" />
                    <TrackedMethodRef uid="1" vc="8" />
                    <TrackedMethodRef uid="13" vc="8" />
                  </TrackedMethodRefs>
                </SequencePoint>
                <SequencePoint vc="21" uspid="776" ordinal="14" offset="137" sl="171" sc="51" el="171" ec="57" bec="0" bev="0" fileid="121">
                  <TrackedMethodRefs>
                    <TrackedMethodRef uid="26" vc="2" />
                    <TrackedMethodRef uid="32" vc="1" />
                    <TrackedMethodRef uid="30" vc="1" />
                    <TrackedMethodRef uid="33" vc="1" />
                    <TrackedMethodRef uid="1" vc="8" />
                    <TrackedMethodRef uid="13" vc="8" />
                  </TrackedMethodRefs>
                </SequencePoint>
                <SequencePoint vc="30" uspid="777" ordinal="15" offset="141" sl="171" sc="33" el="171" ec="49" bec="2" bev="2" fileid="121">
                  <TrackedMethodRefs>
                    <TrackedMethodRef uid="26" vc="4" />
                    <TrackedMethodRef uid="32" vc="2" />
                    <TrackedMethodRef uid="30" vc="2" />
                    <TrackedMethodRef uid="33" vc="2" />
                    <TrackedMethodRef uid="1" vc="10" />
                    <TrackedMethodRef uid="13" vc="10" />
                  </TrackedMethodRefs>
                </SequencePoint>
                <SequencePoint vc="9" uspid="778" ordinal="16" offset="156" sl="186" sc="13" el="186" ec="14" bec="0" bev="0" fileid="121">
                  <TrackedMethodRefs>
                    <TrackedMethodRef uid="26" vc="2" />
                    <TrackedMethodRef uid="32" vc="1" />
                    <TrackedMethodRef uid="30" vc="1" />
                    <TrackedMethodRef uid="33" vc="1" />
                    <TrackedMethodRef uid="1" vc="2" />
                    <TrackedMethodRef uid="13" vc="2" />
                  </TrackedMethodRefs>
                </SequencePoint>
                <SequencePoint vc="176" uspid="779" ordinal="17" offset="157" sl="187" sc="9" el="187" ec="10" bec="0" bev="0" fileid="121">
                  <TrackedMethodRefs>
                    <TrackedMethodRef uid="26" vc="4" />
                    <TrackedMethodRef uid="27" vc="1" />
                    <TrackedMethodRef uid="29" vc="3" />
                    <TrackedMethodRef uid="28" vc="1" />
                    <TrackedMethodRef uid="32" vc="1" />
                    <TrackedMethodRef uid="30" vc="1" />
                    <TrackedMethodRef uid="33" vc="2" />
                    <TrackedMethodRef uid="34" vc="1" />
                    <TrackedMethodRef uid="12" vc="1" />
                    <TrackedMethodRef uid="11" vc="1" />
                    <TrackedMethodRef uid="8" vc="1" />
                    <TrackedMethodRef uid="10" vc="1" />
                    <TrackedMethodRef uid="9" vc="1" />
                    <TrackedMethodRef uid="1" vc="2" />
                    <TrackedMethodRef uid="5" vc="1" />
                    <TrackedMethodRef uid="7" vc="1" />
                    <TrackedMethodRef uid="6" vc="1" />
                    <TrackedMethodRef uid="2" vc="1" />
                    <TrackedMethodRef uid="4" vc="1" />
                    <TrackedMethodRef uid="3" vc="1" />
                    <TrackedMethodRef uid="25" vc="1" />
                    <TrackedMethodRef uid="24" vc="1" />
                    <TrackedMethodRef uid="21" vc="1" />
                    <TrackedMethodRef uid="23" vc="1" />
                    <TrackedMethodRef uid="22" vc="1" />
                    <TrackedMethodRef uid="13" vc="2" />
                    <TrackedMethodRef uid="18" vc="1" />
                    <TrackedMethodRef uid="20" vc="1" />
                    <TrackedMethodRef uid="19" vc="1" />
                    <TrackedMethodRef uid="15" vc="1" />
                    <TrackedMethodRef uid="17" vc="1" />
                    <TrackedMethodRef uid="16" vc="1" />
                  </TrackedMethodRefs>
                </SequencePoint>
              </SequencePoints>
              <BranchPoints>
                <BranchPoint vc="9" uspid="782" ordinal="2" offset="14" sl="169" path="0" offsetend="19" fileid="121">
                  <TrackedMethodRefs>
                    <TrackedMethodRef uid="26" vc="2" />
                    <TrackedMethodRef uid="32" vc="1" />
                    <TrackedMethodRef uid="30" vc="1" />
                    <TrackedMethodRef uid="33" vc="1" />
                    <TrackedMethodRef uid="1" vc="2" />
                    <TrackedMethodRef uid="13" vc="2" />
                  </TrackedMethodRefs>
                </BranchPoint>
                <BranchPoint vc="167" uspid="783" ordinal="3" offset="14" sl="169" path="1" offsetend="157" fileid="121">
                  <TrackedMethodRefs>
                    <TrackedMethodRef uid="26" vc="2" />
                    <TrackedMethodRef uid="27" vc="1" />
                    <TrackedMethodRef uid="29" vc="3" />
                    <TrackedMethodRef uid="28" vc="1" />
                    <TrackedMethodRef uid="33" vc="1" />
                    <TrackedMethodRef uid="34" vc="1" />
                    <TrackedMethodRef uid="12" vc="1" />
                    <TrackedMethodRef uid="11" vc="1" />
                    <TrackedMethodRef uid="8" vc="1" />
                    <TrackedMethodRef uid="10" vc="1" />
                    <TrackedMethodRef uid="9" vc="1" />
                    <TrackedMethodRef uid="5" vc="1" />
                    <TrackedMethodRef uid="7" vc="1" />
                    <TrackedMethodRef uid="6" vc="1" />
                    <TrackedMethodRef uid="2" vc="1" />
                    <TrackedMethodRef uid="4" vc="1" />
                    <TrackedMethodRef uid="3" vc="1" />
                    <TrackedMethodRef uid="25" vc="1" />
                    <TrackedMethodRef uid="24" vc="1" />
                    <TrackedMethodRef uid="21" vc="1" />
                    <TrackedMethodRef uid="23" vc="1" />
                    <TrackedMethodRef uid="22" vc="1" />
                    <TrackedMethodRef uid="18" vc="1" />
                    <TrackedMethodRef uid="20" vc="1" />
                    <TrackedMethodRef uid="19" vc="1" />
                    <TrackedMethodRef uid="15" vc="1" />
                    <TrackedMethodRef uid="17" vc="1" />
                    <TrackedMethodRef uid="16" vc="1" />
                  </TrackedMethodRefs>
                </BranchPoint>
                <BranchPoint vc="0" uspid="786" ordinal="6" offset="73" sl="175" path="0" offsetend="75" fileid="121" />
                <BranchPoint vc="21" uspid="787" ordinal="7" offset="73" sl="175" path="1" offsetend="81" fileid="121">
                  <TrackedMethodRefs>
                    <TrackedMethodRef uid="26" vc="2" />
                    <TrackedMethodRef uid="32" vc="1" />
                    <TrackedMethodRef uid="30" vc="1" />
                    <TrackedMethodRef uid="33" vc="1" />
                    <TrackedMethodRef uid="1" vc="8" />
                    <TrackedMethodRef uid="13" vc="8" />
                  </TrackedMethodRefs>
                </BranchPoint>
                <BranchPoint vc="0" uspid="788" ordinal="8" offset="87" sl="178" path="0" offsetend="89" fileid="121" />
                <BranchPoint vc="21" uspid="789" ordinal="9" offset="87" sl="178" path="1" offsetend="95" fileid="121">
                  <TrackedMethodRefs>
                    <TrackedMethodRef uid="26" vc="2" />
                    <TrackedMethodRef uid="32" vc="1" />
                    <TrackedMethodRef uid="30" vc="1" />
                    <TrackedMethodRef uid="33" vc="1" />
                    <TrackedMethodRef uid="1" vc="8" />
                    <TrackedMethodRef uid="13" vc="8" />
                  </TrackedMethodRefs>
                </BranchPoint>
                <BranchPoint vc="9" uspid="790" ordinal="10" offset="151" sl="171" path="0" offsetend="156" fileid="121">
                  <TrackedMethodRefs>
                    <TrackedMethodRef uid="26" vc="2" />
                    <TrackedMethodRef uid="32" vc="1" />
                    <TrackedMethodRef uid="30" vc="1" />
                    <TrackedMethodRef uid="33" vc="1" />
                    <TrackedMethodRef uid="1" vc="2" />
                    <TrackedMethodRef uid="13" vc="2" />
                  </TrackedMethodRefs>
                </BranchPoint>
                <BranchPoint vc="21" uspid="791" ordinal="11" offset="151" sl="171" path="1" offsetend="24" fileid="121">
                  <TrackedMethodRefs>
                    <TrackedMethodRef uid="26" vc="2" />
                    <TrackedMethodRef uid="32" vc="1" />
                    <TrackedMethodRef uid="30" vc="1" />
                    <TrackedMethodRef uid="33" vc="1" />
                    <TrackedMethodRef uid="1" vc="8" />
                    <TrackedMethodRef uid="13" vc="8" />
                  </TrackedMethodRefs>
                </BranchPoint>
              </BranchPoints>
              <MethodPoint xsi:type="SequencePoint" vc="176" uspid="762" ordinal="0" offset="0" sl="168" sc="9" el="168" ec="10" bec="0" bev="0" fileid="121">
                <TrackedMethodRefs>
                  <TrackedMethodRef uid="26" vc="4" />
                  <TrackedMethodRef uid="27" vc="1" />
                  <TrackedMethodRef uid="29" vc="3" />
                  <TrackedMethodRef uid="28" vc="1" />
                  <TrackedMethodRef uid="32" vc="1" />
                  <TrackedMethodRef uid="30" vc="1" />
                  <TrackedMethodRef uid="33" vc="2" />
                  <TrackedMethodRef uid="34" vc="1" />
                  <TrackedMethodRef uid="12" vc="1" />
                  <TrackedMethodRef uid="11" vc="1" />
                  <TrackedMethodRef uid="8" vc="1" />
                  <TrackedMethodRef uid="10" vc="1" />
                  <TrackedMethodRef uid="9" vc="1" />
                  <TrackedMethodRef uid="1" vc="2" />
                  <TrackedMethodRef uid="5" vc="1" />
                  <TrackedMethodRef uid="7" vc="1" />
                  <TrackedMethodRef uid="6" vc="1" />
                  <TrackedMethodRef uid="2" vc="1" />
                  <TrackedMethodRef uid="4" vc="1" />
                  <TrackedMethodRef uid="3" vc="1" />
                  <TrackedMethodRef uid="25" vc="1" />
                  <TrackedMethodRef uid="24" vc="1" />
                  <TrackedMethodRef uid="21" vc="1" />
                  <TrackedMethodRef uid="23" vc="1" />
                  <TrackedMethodRef uid="22" vc="1" />
                  <TrackedMethodRef uid="13" vc="2" />
                  <TrackedMethodRef uid="18" vc="1" />
                  <TrackedMethodRef uid="20" vc="1" />
                  <TrackedMethodRef uid="19" vc="1" />
                  <TrackedMethodRef uid="15" vc="1" />
                  <TrackedMethodRef uid="17" vc="1" />
                  <TrackedMethodRef uid="16" vc="1" />
                </TrackedMethodRefs>
              </MethodPoint>
            </Method>
            <Method visited="true" cyclomaticComplexity="1" nPathComplexity="0" sequenceCoverage="100" branchCoverage="100" crapScore="1" isConstructor="true" isStatic="true" isGetter="false" isSetter="false">
              <Summary numSequencePoints="4" visitedSequencePoints="4" numBranchPoints="1" visitedBranchPoints="1" sequenceCoverage="100" branchCoverage="100" maxCyclomaticComplexity="1" minCyclomaticComplexity="1" maxCrapScore="1" minCrapScore="1" visitedClasses="0" numClasses="0" visitedMethods="1" numMethods="1" />
              <MetadataToken>100663304</MetadataToken>
              <Name>System.Void DonaLaura.Infra.Db::.cctor()</Name>
              <FileRef uid="121" />
              <SequencePoints>
                <SequencePoint vc="1" uspid="792" ordinal="0" offset="0" sl="13" sc="9" el="13" ec="108" bec="0" bev="0" fileid="121" />
                <SequencePoint vc="1" uspid="793" ordinal="1" offset="20" sl="14" sc="9" el="14" ec="106" bec="0" bev="0" fileid="121" />
                <SequencePoint vc="1" uspid="794" ordinal="2" offset="35" sl="16" sc="9" el="16" ec="124" bec="0" bev="0" fileid="121" />
                <SequencePoint vc="1" uspid="795" ordinal="3" offset="55" sl="17" sc="9" el="17" ec="137" bec="0" bev="0" fileid="121" />
              </SequencePoints>
              <BranchPoints />
              <MethodPoint xsi:type="SequencePoint" vc="1" uspid="792" ordinal="0" offset="0" sl="13" sc="9" el="13" ec="108" bec="0" bev="0" fileid="121" />
            </Method>
          </Methods>
        </Class>
      </Classes>
      <TrackedMethods />
    </Module>
  </Modules>
</CoverageSession>